<?xml version="1.0" encoding="UTF-8"?>
<testsuites name="cp" time="472.382" tests="2" failures="1" errors="0">
   <testsuite name="cp" tests="2" failures="1" errors="0" time="472.382" skipped="0" timestamp="2566-01-18 17:29:28" hostname="Nijjaree - DESKTOP-OGBS4VH.techcons.biz" id="Test Suites/cp">
      <properties>
         <property name="deviceName" value=""/>
         <property name="devicePlatform" value=""/>
         <property name="logFolder" value="C:\\Users\\Nijjaree\\Documents\\GitHub\\QAR2\\QA_WolfR2\\Reports\\25660118_172918\\cp\\25660118_172918"/>
         <property name="logFiles" value="C:\\Users\\Nijjaree\\Documents\\GitHub\\QAR2\\QA_WolfR2\\Reports\\25660118_172918\\cp\\25660118_172918\\execution0.log"/>
         <property name="attachments" value="C:\\Users\\Nijjaree\\Documents\\GitHub\\QAR2\\QA_WolfR2\\Reports\\25660118_172918\\cp\\25660118_172918\\1674037942290.png, C:\\Users\\Nijjaree\\Documents\\GitHub\\QAR2\\QA_WolfR2\\Reports\\25660118_172918\\cp\\25660118_172918\\1674038041897.png, C:\\Users\\Nijjaree\\Documents\\GitHub\\QAR2\\QA_WolfR2\\Reports\\25660118_172918\\cp\\25660118_172918\\1674038141004.png, C:\\Users\\Nijjaree\\Documents\\GitHub\\QAR2\\QA_WolfR2\\Reports\\25660118_172918\\cp\\25660118_172918\\1674038240659.png"/>
         <property name="hostName" value="Nijjaree - DESKTOP-OGBS4VH.techcons.biz"/>
         <property name="os" value="Windows 10 64bit"/>
         <property name="katalonVersion" value="8.5.5.208"/>
         <property name="browser" value="Chrome 109.0.0.0"/>
         <property name="hostAddress" value="172.16.173.98"/>
         <property name="sessionId" value="7a3daf471a815cc069caedd6d54450bb"/>
         <property name="seleniumVersion" value="3.141.59"/>
         <property name="proxyInformation" value="ProxyInformation { proxyOption=NO_PROXY, proxyServerType=HTTP, username=, password=********, proxyServerAddress=, proxyServerPort=0, executionList=&quot;&quot;, isApplyToDesiredCapabilities=true }"/>
         <property name="platform" value="Windows 10"/>
      </properties>
      <testcase name="Test Cases/Change Password" time="73.162" classname="Test Cases/Change Password" status="PASSED">
         <system-out><![CDATA[2566-01-18 17:29:28 - [TEST_CASE][PASSED] - Test Cases/Change Password: Test Cases/Change Password

2566-01-18 17:29:29 - [TEST_STEP][PASSED] - openBrowser(""): Browser is opened with url: ''

2566-01-18 17:29:29 - [MESSAGE][INFO] - Starting 'Chrome' driver

2566-01-18 17:29:29 - [MESSAGE][INFO] - Action delay is set to 0 milliseconds

2566-01-18 17:29:31 - [MESSAGE][PASSED] - Browser is opened with url: ''

2566-01-18 17:29:31 - [TEST_STEP][PASSED] - navigateToUrl("https://qar2.wolfapprove.com/"): Navigate to 'https://qar2.wolfapprove.com/' successfully

2566-01-18 17:29:33 - [MESSAGE][PASSED] - Navigate to 'https://qar2.wolfapprove.com/' successfully

2566-01-18 17:29:33 - [TEST_STEP][PASSED] - setText(findTestObject("Object Repository/Page_WOLF/Page_WOLF/input_Forgot Password_username"), "wolf01@qar2.com"): Text 'wolf01@qar2.com' is set on object 'Object Repository/Page_WOLF/Page_WOLF/input_Forgot Password_username'

2566-01-18 17:29:34 - [MESSAGE][PASSED] - Text 'wolf01@qar2.com' is set on object 'Object Repository/Page_WOLF/Page_WOLF/input_Forgot Password_username'

2566-01-18 17:29:34 - [TEST_STEP][PASSED] - setEncryptedText(findTestObject("Object Repository/Page_WOLF/Page_WOLF/input_Forgot Password_password"), "/eWc8J9JFEG5WeA2mg7b1w=="): Text ****** has been set on object 'Object Repository/Page_WOLF/Page_WOLF/input_Forgot Password_password'

2566-01-18 17:29:35 - [MESSAGE][PASSED] - Text ****** has been set on object 'Object Repository/Page_WOLF/Page_WOLF/input_Forgot Password_password'

2566-01-18 17:29:35 - [TEST_STEP][PASSED] - click(findTestObject("Object Repository/Page_WOLF/Page_WOLF/button_Sign In")): Object: 'Object Repository/Page_WOLF/Page_WOLF/button_Sign In' is clicked on

2566-01-18 17:29:35 - [MESSAGE][PASSED] - Object: 'Object Repository/Page_WOLF/Page_WOLF/button_Sign In' is clicked on

2566-01-18 17:29:35 - [TEST_STEP][PASSED] - click(findTestObject("Object Repository/Page_WOLF/Page_WOLF/div_WA")): Object: 'Object Repository/Page_WOLF/Page_WOLF/div_WA' is clicked on

2566-01-18 17:29:37 - [MESSAGE][PASSED] - Object: 'Object Repository/Page_WOLF/Page_WOLF/div_WA' is clicked on

2566-01-18 17:29:37 - [TEST_STEP][PASSED] - click(findTestObject("Object Repository/Page_WOLF/div_Edit Profile")): Object: 'Object Repository/Page_WOLF/div_Edit Profile' is clicked on

2566-01-18 17:29:38 - [MESSAGE][PASSED] - Object: 'Object Repository/Page_WOLF/div_Edit Profile' is clicked on

2566-01-18 17:29:38 - [TEST_STEP][PASSED] - setEncryptedText(findTestObject("Object Repository/Page_WOLF/Page_WOLF/input__current_password"), "/eWc8J9JFEG5WeA2mg7b1w=="): Text ****** has been set on object 'Object Repository/Page_WOLF/Page_WOLF/input__current_password'

2566-01-18 17:29:39 - [MESSAGE][PASSED] - Text ****** has been set on object 'Object Repository/Page_WOLF/Page_WOLF/input__current_password'

2566-01-18 17:29:39 - [TEST_STEP][PASSED] - setEncryptedText(findTestObject("Object Repository/Page_WOLF/Page_WOLF/input__new_password"), "aeHFOx8jV/A="): Text ****** has been set on object 'Object Repository/Page_WOLF/Page_WOLF/input__new_password'

2566-01-18 17:29:39 - [MESSAGE][PASSED] - Text ****** has been set on object 'Object Repository/Page_WOLF/Page_WOLF/input__new_password'

2566-01-18 17:29:39 - [TEST_STEP][PASSED] - setEncryptedText(findTestObject("Object Repository/Page_WOLF/Page_WOLF/input__comfirm_password"), "aeHFOx8jV/A="): Text ****** has been set on object 'Object Repository/Page_WOLF/Page_WOLF/input__comfirm_password'

2566-01-18 17:29:39 - [MESSAGE][PASSED] - Text ****** has been set on object 'Object Repository/Page_WOLF/Page_WOLF/input__comfirm_password'

2566-01-18 17:29:39 - [TEST_STEP][PASSED] - click(findTestObject("Object Repository/Page_WOLF/Page_WOLF/button_Save")): Object: 'Object Repository/Page_WOLF/Page_WOLF/button_Save' is clicked on

2566-01-18 17:29:40 - [MESSAGE][PASSED] - Object: 'Object Repository/Page_WOLF/Page_WOLF/button_Save' is clicked on

2566-01-18 17:29:40 - [TEST_STEP][PASSED] - verifyElementVisible(findTestObject("Object Repository/Page_WOLF/Page_WOLF/div_SuccessYou can verify the request to us_646a6f")): Object 'Object Repository/Page_WOLF/Page_WOLF/div_SuccessYou can verify the request to us_646a6f' is visible

2566-01-18 17:29:41 - [MESSAGE][PASSED] - Object 'Object Repository/Page_WOLF/Page_WOLF/div_SuccessYou can verify the request to us_646a6f' is visible

2566-01-18 17:29:41 - [TEST_STEP][PASSED] - verifyElementText(findTestObject("Object Repository/Page_WOLF/Page_WOLF/div_You can verify the request to use WOLF _1e150d"), "You can verify the request to use WOLF Approve via the email ([-EMAIL-]) that you have entered.<br/>ท่านสามารถยืนยันการขอใช้งานระบบผ่าน email ([-EMAIL-]) ที่ท่านได้กรอกมา..."): Actual text and expected text of test object 'Object Repository/Page_WOLF/Page_WOLF/div_You can verify the request to use WOLF _1e150d' are matched.

2566-01-18 17:29:42 - [MESSAGE][PASSED] - Actual text and expected text of test object 'Object Repository/Page_WOLF/Page_WOLF/div_You can verify the request to use WOLF _1e150d' are matched.

2566-01-18 17:29:42 - [TEST_STEP][PASSED] - navigateToUrl("https://outlook.office.com/mail/"): Navigate to 'https://outlook.office.com/mail/' successfully

2566-01-18 17:29:43 - [MESSAGE][PASSED] - Navigate to 'https://outlook.office.com/mail/' successfully

2566-01-18 17:29:43 - [TEST_STEP][PASSED] - setText(findTestObject("Object Repository/Page_WOLF/Page_Sign in to your account/input_Sign in_loginfmt"), "Wolf01@wolfapprove.com"): Text 'Wolf01@wolfapprove.com' is set on object 'Object Repository/Page_WOLF/Page_Sign in to your account/input_Sign in_loginfmt'

2566-01-18 17:29:45 - [MESSAGE][PASSED] - Text 'Wolf01@wolfapprove.com' is set on object 'Object Repository/Page_WOLF/Page_Sign in to your account/input_Sign in_loginfmt'

2566-01-18 17:29:45 - [TEST_STEP][PASSED] - click(findTestObject("Object Repository/Page_WOLF/Page_Sign in to your account/input_Create one_idSIButton9")): Object: 'Object Repository/Page_WOLF/Page_Sign in to your account/input_Create one_idSIButton9' is clicked on

2566-01-18 17:29:45 - [MESSAGE][PASSED] - Object: 'Object Repository/Page_WOLF/Page_Sign in to your account/input_Create one_idSIButton9' is clicked on

2566-01-18 17:29:45 - [TEST_STEP][PASSED] - setEncryptedText(findTestObject("Object Repository/Page_WOLF/Page_Sign in to your account/input_Enter password_passwd"), "/dj/KL/yjU4kaJoI+CamKA=="): Text ****** has been set on object 'Object Repository/Page_WOLF/Page_Sign in to your account/input_Enter password_passwd'

2566-01-18 17:29:47 - [MESSAGE][PASSED] - Text ****** has been set on object 'Object Repository/Page_WOLF/Page_Sign in to your account/input_Enter password_passwd'

2566-01-18 17:29:47 - [TEST_STEP][PASSED] - click(findTestObject("Object Repository/Page_WOLF/Page_Sign in to your account/input_Create one_idSIButton9")): Object: 'Object Repository/Page_WOLF/Page_Sign in to your account/input_Create one_idSIButton9' is clicked on

2566-01-18 17:29:48 - [MESSAGE][PASSED] - Object: 'Object Repository/Page_WOLF/Page_Sign in to your account/input_Create one_idSIButton9' is clicked on

2566-01-18 17:29:48 - [TEST_STEP][PASSED] - click(findTestObject("Object Repository/Page_WOLF/Page_Sign in to your account/input_concat(Don, , t show this again)_idBtn_Back")): Object: 'Object Repository/Page_WOLF/Page_Sign in to your account/input_concat(Don, , t show this again)_idBtn_Back' is clicked on

2566-01-18 17:29:50 - [MESSAGE][PASSED] - Object: 'Object Repository/Page_WOLF/Page_Sign in to your account/input_concat(Don, , t show this again)_idBtn_Back' is clicked on

2566-01-18 17:29:50 - [TEST_STEP][PASSED] - click(findTestObject("Object Repository/Page_WOLF/Page_Home  Microsoft 365/span_Outlook")): Object: 'Object Repository/Page_WOLF/Page_Home  Microsoft 365/span_Outlook' is clicked on

2566-01-18 17:30:22 - [MESSAGE][INFO] - Unable to find the element located by 'By.xpath: //button[@id='Mail']/span/div/span'. Please recheck the objects properties to make sure the desired element is located. 

2566-01-18 17:30:22 - [MESSAGE][WARNING] - [SELF-HEALING] Failed to find element with id 'Object Repository/Page_WOLF/Page_Home  Microsoft 365/span_Outlook'. Try using Self-healing.

2566-01-18 17:30:22 - [MESSAGE][WARNING] - [SELF-HEALING] The current locator of test object 'Object Repository/Page_WOLF/Page_Home  Microsoft 365/span_Outlook' was broken. Propose an alternative one: '//*/text()[normalize-space(.)='Outlook']/parent::*'.

2566-01-18 17:30:27 - [MESSAGE][PASSED] - Object: 'Object Repository/Page_WOLF/Page_Home  Microsoft 365/span_Outlook' is clicked on

2566-01-18 17:30:27 - [TEST_STEP][PASSED] - navigateToUrl("https://outlook.office.com/mail/"): Navigate to 'https://outlook.office.com/mail/' successfully

2566-01-18 17:30:27 - [MESSAGE][PASSED] - Navigate to 'https://outlook.office.com/mail/' successfully

2566-01-18 17:30:27 - [TEST_STEP][PASSED] - click(findTestObject("Object Repository/Page_Mail - workflow mail - Outlook/div_workflow mailWOLF Approve Confirm to ch_4994af")): Object: 'Object Repository/Page_Mail - workflow mail - Outlook/div_workflow mailWOLF Approve Confirm to ch_4994af' is clicked on

2566-01-18 17:30:35 - [MESSAGE][PASSED] - Object: 'Object Repository/Page_Mail - workflow mail - Outlook/div_workflow mailWOLF Approve Confirm to ch_4994af' is clicked on

2566-01-18 17:30:35 - [TEST_STEP][PASSED] - verifyElementText(findTestObject("Object Repository/Page_WOLF/Page_Mail - workflow mail - Outlook/span_WOLF Approve Confirm to change password"), "[WOLF Approve] Confirm to change password"): Actual text and expected text of test object 'Object Repository/Page_WOLF/Page_Mail - workflow mail - Outlook/span_WOLF Approve Confirm to change password' are matched.

2566-01-18 17:30:38 - [MESSAGE][PASSED] - Actual text and expected text of test object 'Object Repository/Page_WOLF/Page_Mail - workflow mail - Outlook/span_WOLF Approve Confirm to change password' are matched.

2566-01-18 17:30:38 - [TEST_STEP][PASSED] - click(findTestObject("Object Repository/Page_WOLF/Page_Mail - workflow mail - Outlook/a_-confirm-")): Object: 'Object Repository/Page_WOLF/Page_Mail - workflow mail - Outlook/a_-confirm-' is clicked on

2566-01-18 17:30:39 - [MESSAGE][PASSED] - Object: 'Object Repository/Page_WOLF/Page_Mail - workflow mail - Outlook/a_-confirm-' is clicked on

2566-01-18 17:30:39 - [TEST_STEP][PASSED] - switchToWindowTitle("WOLF"): Switched to window with title: 'WOLF'

2566-01-18 17:30:39 - [MESSAGE][PASSED] - Switched to window with title: 'WOLF'

2566-01-18 17:30:39 - [TEST_STEP][PASSED] - verifyElementText(findTestObject("Object Repository/Page_WOLF/Page_WOLF/p_"), "ยืนยันตนเรียบร้อย"): Actual text and expected text of test object 'Object Repository/Page_WOLF/Page_WOLF/p_' are matched.

2566-01-18 17:30:40 - [MESSAGE][PASSED] - Actual text and expected text of test object 'Object Repository/Page_WOLF/Page_WOLF/p_' are matched.

2566-01-18 17:30:40 - [TEST_STEP][PASSED] - click(findTestObject("Object Repository/Page_WOLF/Page_WOLF/button_")): Object: 'Object Repository/Page_WOLF/Page_WOLF/button_' is clicked on

2566-01-18 17:30:41 - [MESSAGE][PASSED] - Object: 'Object Repository/Page_WOLF/Page_WOLF/button_' is clicked on

2566-01-18 17:30:41 - [TEST_STEP][PASSED] - closeBrowser(): Browser is closed

2566-01-18 17:30:41 - [MESSAGE][PASSED] - Browser is closed]]></system-out>
         <system-err><![CDATA[]]></system-err>
      </testcase>
      <testcase name="Test Cases/newpass" time="99.662" classname="Test Cases/newpass" status="FAILED">
         <failure type="FAILED" message="Test Cases/newpass FAILED.
Reason:
com.kms.katalon.core.exception.StepFailedException: Unable to click on object 'Object Repository/Page_WOLF/div_WA'
	at com.kms.katalon.core.webui.keyword.internal.WebUIKeywordMain.stepFailed(WebUIKeywordMain.groovy:64)
	at com.kms.katalon.core.webui.keyword.internal.WebUIKeywordMain.runKeyword(WebUIKeywordMain.groovy:26)
	at com.kms.katalon.core.webui.keyword.builtin.ClickKeyword.click(ClickKeyword.groovy:74)
	at com.kms.katalon.core.webui.keyword.builtin.ClickKeyword.execute(ClickKeyword.groovy:40)
	at com.kms.katalon.core.keyword.internal.KeywordExecutor.executeKeywordForPlatform(KeywordExecutor.groovy:74)
	at com.kms.katalon.core.webui.keyword.WebUiBuiltInKeywords.click(WebUiBuiltInKeywords.groovy:620)
	at com.kms.katalon.core.webui.keyword.WebUiBuiltInKeywords$click$3.call(Unknown Source)
	at newpass.run(newpass:30)
	at com.kms.katalon.core.main.ScriptEngine.run(ScriptEngine.java:194)
	at com.kms.katalon.core.main.ScriptEngine.runScriptAsRawText(ScriptEngine.java:119)
	at com.kms.katalon.core.main.TestCaseExecutor.runScript(TestCaseExecutor.java:448)
	at com.kms.katalon.core.main.TestCaseExecutor.doExecute(TestCaseExecutor.java:439)
	at com.kms.katalon.core.main.TestCaseExecutor.processExecutionPhase(TestCaseExecutor.java:418)
	at com.kms.katalon.core.main.TestCaseExecutor.accessMainPhase(TestCaseExecutor.java:410)
	at com.kms.katalon.core.main.TestCaseExecutor.execute(TestCaseExecutor.java:285)
	at com.kms.katalon.core.main.TestCaseExecutor.execute(TestCaseExecutor.java:369)
	at com.kms.katalon.core.main.TestCaseExecutor.execute(TestCaseExecutor.java:369)
	at com.kms.katalon.core.main.TestCaseExecutor.execute(TestCaseExecutor.java:369)
	at com.kms.katalon.core.common.CommonExecutor.accessTestCaseMainPhase(CommonExecutor.java:65)
	at com.kms.katalon.core.main.TestSuiteExecutor.accessTestSuiteMainPhase(TestSuiteExecutor.java:151)
	at com.kms.katalon.core.main.TestSuiteExecutor.execute(TestSuiteExecutor.java:106)
	at com.kms.katalon.core.main.TestCaseMain.startTestSuite(TestCaseMain.java:185)
	at com.kms.katalon.core.main.TestCaseMain$startTestSuite$0.call(Unknown Source)
	at TempTestSuite1674037758362.run(TempTestSuite1674037758362.groovy:36)
Caused by: org.openqa.selenium.ElementNotInteractableException: element not interactable
  (Session info: chrome=109.0.5414.75)
Build info: version: '3.141.59', revision: 'e82be7d358', time: '2018-11-14T08:25:53'
System info: host: 'DESKTOP-OGBS4VH', ip: '172.16.173.98', os.name: 'Windows 10', os.arch: 'amd64', os.version: '10.0', java.version: '1.8.0_282'
Driver info: com.kms.katalon.selenium.driver.CChromeDriver
Capabilities {acceptInsecureCerts: false, browserName: chrome, browserVersion: 109.0.5414.75, chrome: {chromedriverVersion: 109.0.5414.74 (e7c5703604da..., userDataDir: C:\Users\Nijjaree\AppData\L...}, goog:chromeOptions: {debuggerAddress: localhost:63557}, javascriptEnabled: true, networkConnectionEnabled: false, pageLoadStrategy: normal, platform: WINDOWS, platformName: WINDOWS, proxy: Proxy(), setWindowRect: true, strictFileInteractability: false, timeouts: {implicit: 0, pageLoad: 300000, script: 30000}, unhandledPromptBehavior: dismiss and notify, webauthn:extension:credBlob: true, webauthn:extension:largeBlob: true, webauthn:virtualAuthenticators: true}
Session ID: 7a3daf471a815cc069caedd6d54450bb
	at org.openqa.selenium.remote.http.W3CHttpResponseCodec.createException(W3CHttpResponseCodec.java:187)
	at org.openqa.selenium.remote.http.W3CHttpResponseCodec.decode(W3CHttpResponseCodec.java:122)
	at org.openqa.selenium.remote.http.W3CHttpResponseCodec.decode(W3CHttpResponseCodec.java:49)
	at org.openqa.selenium.remote.HttpCommandExecutor.execute(HttpCommandExecutor.java:158)
	at org.openqa.selenium.remote.service.DriverCommandExecutor.execute(DriverCommandExecutor.java:83)
	at org.openqa.selenium.remote.RemoteWebDriver.execute(RemoteWebDriver.java:552)
	at com.kms.katalon.selenium.driver.CChromeDriver.execute(CChromeDriver.java:19)
	at org.openqa.selenium.remote.RemoteWebElement.execute(RemoteWebElement.java:285)
	at org.openqa.selenium.remote.RemoteWebElement.click(RemoteWebElement.java:84)
	at org.openqa.selenium.support.events.EventFiringWebDriver$EventFiringWebElement.lambda$new$0(EventFiringWebDriver.java:404)
	at com.sun.proxy.$Proxy11.click(Unknown Source)
	at org.openqa.selenium.support.events.EventFiringWebDriver$EventFiringWebElement.click(EventFiringWebDriver.java:417)
	at org.openqa.selenium.WebElement$click.call(Unknown Source)
	at com.kms.katalon.core.webui.keyword.builtin.ClickKeyword.clickUntilSuccessWithTimeout(ClickKeyword.groovy:81)
	at com.kms.katalon.core.webui.keyword.builtin.ClickKeyword.clickUntilSuccessWithTimeout(ClickKeyword.groovy)
	at com.kms.katalon.core.webui.keyword.builtin.ClickKeyword$_click_closure1.doCall(ClickKeyword.groovy:67)
	at com.kms.katalon.core.webui.keyword.builtin.ClickKeyword$_click_closure1.call(ClickKeyword.groovy)
	at com.kms.katalon.core.webui.keyword.internal.WebUIKeywordMain.runKeyword(WebUIKeywordMain.groovy:20)
	... 22 more
"/>
         <system-out><![CDATA[2566-01-18 17:35:41 - [TEST_CASE][FAILED] - Test Cases/newpass: Test Cases/newpass FAILED.
Reason:
com.kms.katalon.core.exception.StepFailedException: Unable to click on object 'Object Repository/Page_WOLF/div_WA'
	at com.kms.katalon.core.webui.keyword.internal.WebUIKeywordMain.stepFailed(WebUIKeywordMain.groovy:64)
	at com.kms.katalon.core.webui.keyword.internal.WebUIKeywordMain.runKeyword(WebUIKeywordMain.groovy:26)
	at com.kms.katalon.core.webui.keyword.builtin.ClickKeyword.click(ClickKeyword.groovy:74)
	at com.kms.katalon.core.webui.keyword.builtin.ClickKeyword.execute(ClickKeyword.groovy:40)
	at com.kms.katalon.core.keyword.internal.KeywordExecutor.executeKeywordForPlatform(KeywordExecutor.groovy:74)
	at com.kms.katalon.core.webui.keyword.WebUiBuiltInKeywords.click(WebUiBuiltInKeywords.groovy:620)
	at com.kms.katalon.core.webui.keyword.WebUiBuiltInKeywords$click$3.call(Unknown Source)
	at newpass.run(newpass:30)
	at com.kms.katalon.core.main.ScriptEngine.run(ScriptEngine.java:194)
	at com.kms.katalon.core.main.ScriptEngine.runScriptAsRawText(ScriptEngine.java:119)
	at com.kms.katalon.core.main.TestCaseExecutor.runScript(TestCaseExecutor.java:448)
	at com.kms.katalon.core.main.TestCaseExecutor.doExecute(TestCaseExecutor.java:439)
	at com.kms.katalon.core.main.TestCaseExecutor.processExecutionPhase(TestCaseExecutor.java:418)
	at com.kms.katalon.core.main.TestCaseExecutor.accessMainPhase(TestCaseExecutor.java:410)
	at com.kms.katalon.core.main.TestCaseExecutor.execute(TestCaseExecutor.java:285)
	at com.kms.katalon.core.main.TestCaseExecutor.execute(TestCaseExecutor.java:369)
	at com.kms.katalon.core.main.TestCaseExecutor.execute(TestCaseExecutor.java:369)
	at com.kms.katalon.core.main.TestCaseExecutor.execute(TestCaseExecutor.java:369)
	at com.kms.katalon.core.common.CommonExecutor.accessTestCaseMainPhase(CommonExecutor.java:65)
	at com.kms.katalon.core.main.TestSuiteExecutor.accessTestSuiteMainPhase(TestSuiteExecutor.java:151)
	at com.kms.katalon.core.main.TestSuiteExecutor.execute(TestSuiteExecutor.java:106)
	at com.kms.katalon.core.main.TestCaseMain.startTestSuite(TestCaseMain.java:185)
	at com.kms.katalon.core.main.TestCaseMain$startTestSuite$0.call(Unknown Source)
	at TempTestSuite1674037758362.run(TempTestSuite1674037758362.groovy:36)
Caused by: org.openqa.selenium.ElementNotInteractableException: element not interactable
  (Session info: chrome=109.0.5414.75)
Build info: version: '3.141.59', revision: 'e82be7d358', time: '2018-11-14T08:25:53'
System info: host: 'DESKTOP-OGBS4VH', ip: '172.16.173.98', os.name: 'Windows 10', os.arch: 'amd64', os.version: '10.0', java.version: '1.8.0_282'
Driver info: com.kms.katalon.selenium.driver.CChromeDriver
Capabilities {acceptInsecureCerts: false, browserName: chrome, browserVersion: 109.0.5414.75, chrome: {chromedriverVersion: 109.0.5414.74 (e7c5703604da..., userDataDir: C:\Users\Nijjaree\AppData\L...}, goog:chromeOptions: {debuggerAddress: localhost:63557}, javascriptEnabled: true, networkConnectionEnabled: false, pageLoadStrategy: normal, platform: WINDOWS, platformName: WINDOWS, proxy: Proxy(), setWindowRect: true, strictFileInteractability: false, timeouts: {implicit: 0, pageLoad: 300000, script: 30000}, unhandledPromptBehavior: dismiss and notify, webauthn:extension:credBlob: true, webauthn:extension:largeBlob: true, webauthn:virtualAuthenticators: true}
Session ID: 7a3daf471a815cc069caedd6d54450bb
	at org.openqa.selenium.remote.http.W3CHttpResponseCodec.createException(W3CHttpResponseCodec.java:187)
	at org.openqa.selenium.remote.http.W3CHttpResponseCodec.decode(W3CHttpResponseCodec.java:122)
	at org.openqa.selenium.remote.http.W3CHttpResponseCodec.decode(W3CHttpResponseCodec.java:49)
	at org.openqa.selenium.remote.HttpCommandExecutor.execute(HttpCommandExecutor.java:158)
	at org.openqa.selenium.remote.service.DriverCommandExecutor.execute(DriverCommandExecutor.java:83)
	at org.openqa.selenium.remote.RemoteWebDriver.execute(RemoteWebDriver.java:552)
	at com.kms.katalon.selenium.driver.CChromeDriver.execute(CChromeDriver.java:19)
	at org.openqa.selenium.remote.RemoteWebElement.execute(RemoteWebElement.java:285)
	at org.openqa.selenium.remote.RemoteWebElement.click(RemoteWebElement.java:84)
	at org.openqa.selenium.support.events.EventFiringWebDriver$EventFiringWebElement.lambda$new$0(EventFiringWebDriver.java:404)
	at com.sun.proxy.$Proxy11.click(Unknown Source)
	at org.openqa.selenium.support.events.EventFiringWebDriver$EventFiringWebElement.click(EventFiringWebDriver.java:417)
	at org.openqa.selenium.WebElement$click.call(Unknown Source)
	at com.kms.katalon.core.webui.keyword.builtin.ClickKeyword.clickUntilSuccessWithTimeout(ClickKeyword.groovy:81)
	at com.kms.katalon.core.webui.keyword.builtin.ClickKeyword.clickUntilSuccessWithTimeout(ClickKeyword.groovy)
	at com.kms.katalon.core.webui.keyword.builtin.ClickKeyword$_click_closure1.doCall(ClickKeyword.groovy:67)
	at com.kms.katalon.core.webui.keyword.builtin.ClickKeyword$_click_closure1.call(ClickKeyword.groovy)
	at com.kms.katalon.core.webui.keyword.internal.WebUIKeywordMain.runKeyword(WebUIKeywordMain.groovy:20)
	... 22 more


2566-01-18 17:35:41 - [TEST_STEP][PASSED] - openBrowser(""): Browser is opened with url: ''

2566-01-18 17:35:41 - [MESSAGE][WARNING] - A browser is already opened. Closing browser and opening a new one

2566-01-18 17:35:41 - [MESSAGE][INFO] - Starting 'Chrome' driver

2566-01-18 17:35:41 - [MESSAGE][INFO] - Action delay is set to 0 milliseconds

2566-01-18 17:35:43 - [MESSAGE][PASSED] - Browser is opened with url: ''

2566-01-18 17:35:43 - [TEST_STEP][PASSED] - navigateToUrl("https://qar2.wolfapprove.com/"): Navigate to 'https://qar2.wolfapprove.com/' successfully

2566-01-18 17:35:44 - [MESSAGE][PASSED] - Navigate to 'https://qar2.wolfapprove.com/' successfully

2566-01-18 17:35:44 - [TEST_STEP][PASSED] - setText(findTestObject("Object Repository/Page_WOLF/input_Forgot Password_username"), "wolf01@qar2.com"): Text 'wolf01@qar2.com' is set on object 'Object Repository/Page_WOLF/input_Forgot Password_username'

2566-01-18 17:35:45 - [MESSAGE][PASSED] - Text 'wolf01@qar2.com' is set on object 'Object Repository/Page_WOLF/input_Forgot Password_username'

2566-01-18 17:35:45 - [TEST_STEP][PASSED] - setEncryptedText(findTestObject("Object Repository/Page_WOLF/input_Forgot Password_password"), "aeHFOx8jV/A="): Text ****** has been set on object 'Object Repository/Page_WOLF/input_Forgot Password_password'

2566-01-18 17:36:17 - [MESSAGE][INFO] - Unable to find the element located by 'By.xpath: '. Please recheck the objects properties to make sure the desired element is located. 

2566-01-18 17:36:17 - [MESSAGE][WARNING] - [SELF-HEALING] Failed to find element with id 'Object Repository/Page_WOLF/input_Forgot Password_password'. Try using Self-healing.

2566-01-18 17:36:17 - [MESSAGE][WARNING] - [SELF-HEALING] The current locator of test object 'Object Repository/Page_WOLF/input_Forgot Password_password' was broken. Propose an alternative one: '//input[@name='password']'.

2566-01-18 17:36:17 - [MESSAGE][PASSED] - Text ****** has been set on object 'Object Repository/Page_WOLF/input_Forgot Password_password'

2566-01-18 17:36:17 - [TEST_STEP][PASSED] - sendKeys(findTestObject("Object Repository/Page_WOLF/input_Forgot Password_password"), Keys.chord(ENTER)): Keys 'ENTER + ' sent to object: 'Object Repository/Page_WOLF/input_Forgot Password_password'

2566-01-18 17:36:48 - [MESSAGE][INFO] - Unable to find the element located by 'By.xpath: '. Please recheck the objects properties to make sure the desired element is located. 

2566-01-18 17:36:48 - [MESSAGE][WARNING] - [SELF-HEALING] Failed to find element with id 'Object Repository/Page_WOLF/input_Forgot Password_password'. Try using Self-healing.

2566-01-18 17:36:49 - [MESSAGE][WARNING] - [SELF-HEALING] The current locator of test object 'Object Repository/Page_WOLF/input_Forgot Password_password' was broken. Propose an alternative one: '//input[@name='password']'.

2566-01-18 17:36:49 - [MESSAGE][PASSED] - Keys 'ENTER + ' sent to object: 'Object Repository/Page_WOLF/input_Forgot Password_password'

2566-01-18 17:36:49 - [TEST_STEP][FAILED] - click(findTestObject("Object Repository/Page_WOLF/div_WA")): Unable to click on object 'Object Repository/Page_WOLF/div_WA' (Root cause: com.kms.katalon.core.exception.StepFailedException: Unable to click on object 'Object Repository/Page_WOLF/div_WA'
	at com.kms.katalon.core.webui.keyword.internal.WebUIKeywordMain.stepFailed(WebUIKeywordMain.groovy:64)
	at com.kms.katalon.core.webui.keyword.internal.WebUIKeywordMain.runKeyword(WebUIKeywordMain.groovy:26)
	at com.kms.katalon.core.webui.keyword.builtin.ClickKeyword.click(ClickKeyword.groovy:74)
	at com.kms.katalon.core.webui.keyword.builtin.ClickKeyword.execute(ClickKeyword.groovy:40)
	at com.kms.katalon.core.keyword.internal.KeywordExecutor.executeKeywordForPlatform(KeywordExecutor.groovy:74)
	at com.kms.katalon.core.webui.keyword.WebUiBuiltInKeywords.click(WebUiBuiltInKeywords.groovy:620)
	at com.kms.katalon.core.webui.keyword.WebUiBuiltInKeywords$click$3.call(Unknown Source)
	at newpass.run(newpass:30)
	at com.kms.katalon.core.main.ScriptEngine.run(ScriptEngine.java:194)
	at com.kms.katalon.core.main.ScriptEngine.runScriptAsRawText(ScriptEngine.java:119)
	at com.kms.katalon.core.main.TestCaseExecutor.runScript(TestCaseExecutor.java:448)
	at com.kms.katalon.core.main.TestCaseExecutor.doExecute(TestCaseExecutor.java:439)
	at com.kms.katalon.core.main.TestCaseExecutor.processExecutionPhase(TestCaseExecutor.java:418)
	at com.kms.katalon.core.main.TestCaseExecutor.accessMainPhase(TestCaseExecutor.java:410)
	at com.kms.katalon.core.main.TestCaseExecutor.execute(TestCaseExecutor.java:285)
	at com.kms.katalon.core.main.TestCaseExecutor.execute(TestCaseExecutor.java:369)
	at com.kms.katalon.core.main.TestCaseExecutor.execute(TestCaseExecutor.java:369)
	at com.kms.katalon.core.main.TestCaseExecutor.execute(TestCaseExecutor.java:369)
	at com.kms.katalon.core.common.CommonExecutor.accessTestCaseMainPhase(CommonExecutor.java:65)
	at com.kms.katalon.core.main.TestSuiteExecutor.accessTestSuiteMainPhase(TestSuiteExecutor.java:151)
	at com.kms.katalon.core.main.TestSuiteExecutor.execute(TestSuiteExecutor.java:106)
	at com.kms.katalon.core.main.TestCaseMain.startTestSuite(TestCaseMain.java:185)
	at com.kms.katalon.core.main.TestCaseMain$startTestSuite$0.call(Unknown Source)
	at TempTestSuite1674037758362.run(TempTestSuite1674037758362.groovy:36)
Caused by: org.openqa.selenium.ElementNotInteractableException: element not interactable
  (Session info: chrome=109.0.5414.75)
Build info: version: '3.141.59', revision: 'e82be7d358', time: '2018-11-14T08:25:53'
System info: host: 'DESKTOP-OGBS4VH', ip: '172.16.173.98', os.name: 'Windows 10', os.arch: 'amd64', os.version: '10.0', java.version: '1.8.0_282'
Driver info: com.kms.katalon.selenium.driver.CChromeDriver
Capabilities {acceptInsecureCerts: false, browserName: chrome, browserVersion: 109.0.5414.75, chrome: {chromedriverVersion: 109.0.5414.74 (e7c5703604da..., userDataDir: C:\Users\Nijjaree\AppData\L...}, goog:chromeOptions: {debuggerAddress: localhost:63557}, javascriptEnabled: true, networkConnectionEnabled: false, pageLoadStrategy: normal, platform: WINDOWS, platformName: WINDOWS, proxy: Proxy(), setWindowRect: true, strictFileInteractability: false, timeouts: {implicit: 0, pageLoad: 300000, script: 30000}, unhandledPromptBehavior: dismiss and notify, webauthn:extension:credBlob: true, webauthn:extension:largeBlob: true, webauthn:virtualAuthenticators: true}
Session ID: 7a3daf471a815cc069caedd6d54450bb
	at org.openqa.selenium.remote.http.W3CHttpResponseCodec.createException(W3CHttpResponseCodec.java:187)
	at org.openqa.selenium.remote.http.W3CHttpResponseCodec.decode(W3CHttpResponseCodec.java:122)
	at org.openqa.selenium.remote.http.W3CHttpResponseCodec.decode(W3CHttpResponseCodec.java:49)
	at org.openqa.selenium.remote.HttpCommandExecutor.execute(HttpCommandExecutor.java:158)
	at org.openqa.selenium.remote.service.DriverCommandExecutor.execute(DriverCommandExecutor.java:83)
	at org.openqa.selenium.remote.RemoteWebDriver.execute(RemoteWebDriver.java:552)
	at com.kms.katalon.selenium.driver.CChromeDriver.execute(CChromeDriver.java:19)
	at org.openqa.selenium.remote.RemoteWebElement.execute(RemoteWebElement.java:285)
	at org.openqa.selenium.remote.RemoteWebElement.click(RemoteWebElement.java:84)
	at org.openqa.selenium.support.events.EventFiringWebDriver$EventFiringWebElement.lambda$new$0(EventFiringWebDriver.java:404)
	at com.sun.proxy.$Proxy11.click(Unknown Source)
	at org.openqa.selenium.support.events.EventFiringWebDriver$EventFiringWebElement.click(EventFiringWebDriver.java:417)
	at org.openqa.selenium.WebElement$click.call(Unknown Source)
	at com.kms.katalon.core.webui.keyword.builtin.ClickKeyword.clickUntilSuccessWithTimeout(ClickKeyword.groovy:81)
	at com.kms.katalon.core.webui.keyword.builtin.ClickKeyword.clickUntilSuccessWithTimeout(ClickKeyword.groovy)
	at com.kms.katalon.core.webui.keyword.builtin.ClickKeyword$_click_closure1.doCall(ClickKeyword.groovy:67)
	at com.kms.katalon.core.webui.keyword.builtin.ClickKeyword$_click_closure1.call(ClickKeyword.groovy)
	at com.kms.katalon.core.webui.keyword.internal.WebUIKeywordMain.runKeyword(WebUIKeywordMain.groovy:20)
	at com.kms.katalon.core.webui.keyword.builtin.ClickKeyword.click(ClickKeyword.groovy:74)
	at com.kms.katalon.core.webui.keyword.builtin.ClickKeyword.execute(ClickKeyword.groovy:40)
	at com.kms.katalon.core.keyword.internal.KeywordExecutor.executeKeywordForPlatform(KeywordExecutor.groovy:74)
	at com.kms.katalon.core.webui.keyword.WebUiBuiltInKeywords.click(WebUiBuiltInKeywords.groovy:620)
	at com.kms.katalon.core.webui.keyword.WebUiBuiltInKeywords$click$3.call(Unknown Source)
	at Script1674036528170.run(Script1674036528170.groovy:30)
	... 16 more
)

2566-01-18 17:37:20 - [MESSAGE][INFO] - Unable to find the element located by 'By.xpath: //div[@id='root']/div[2]/div[4]/div'. Please recheck the objects properties to make sure the desired element is located. 

2566-01-18 17:37:20 - [MESSAGE][WARNING] - [SELF-HEALING] Failed to find element with id 'Object Repository/Page_WOLF/div_WA'. Try using Self-healing.

2566-01-18 17:37:20 - [MESSAGE][WARNING] - [SELF-HEALING] The current locator of test object 'Object Repository/Page_WOLF/div_WA' was broken. Propose an alternative one: '//div[4]/div'.

2566-01-18 17:37:20 - [MESSAGE][FAILED] - Unable to click on object 'Object Repository/Page_WOLF/div_WA' (Root cause: com.kms.katalon.core.exception.StepFailedException: Unable to click on object 'Object Repository/Page_WOLF/div_WA'
	at com.kms.katalon.core.webui.keyword.internal.WebUIKeywordMain.stepFailed(WebUIKeywordMain.groovy:64)
	at com.kms.katalon.core.webui.keyword.internal.WebUIKeywordMain.runKeyword(WebUIKeywordMain.groovy:26)
	at com.kms.katalon.core.webui.keyword.builtin.ClickKeyword.click(ClickKeyword.groovy:74)
	at com.kms.katalon.core.webui.keyword.builtin.ClickKeyword.execute(ClickKeyword.groovy:40)
	at com.kms.katalon.core.keyword.internal.KeywordExecutor.executeKeywordForPlatform(KeywordExecutor.groovy:74)
	at com.kms.katalon.core.webui.keyword.WebUiBuiltInKeywords.click(WebUiBuiltInKeywords.groovy:620)
	at com.kms.katalon.core.webui.keyword.WebUiBuiltInKeywords$click$3.call(Unknown Source)
	at newpass.run(newpass:30)
	at com.kms.katalon.core.main.ScriptEngine.run(ScriptEngine.java:194)
	at com.kms.katalon.core.main.ScriptEngine.runScriptAsRawText(ScriptEngine.java:119)
	at com.kms.katalon.core.main.TestCaseExecutor.runScript(TestCaseExecutor.java:448)
	at com.kms.katalon.core.main.TestCaseExecutor.doExecute(TestCaseExecutor.java:439)
	at com.kms.katalon.core.main.TestCaseExecutor.processExecutionPhase(TestCaseExecutor.java:418)
	at com.kms.katalon.core.main.TestCaseExecutor.accessMainPhase(TestCaseExecutor.java:410)
	at com.kms.katalon.core.main.TestCaseExecutor.execute(TestCaseExecutor.java:285)
	at com.kms.katalon.core.main.TestCaseExecutor.execute(TestCaseExecutor.java:369)
	at com.kms.katalon.core.main.TestCaseExecutor.execute(TestCaseExecutor.java:369)
	at com.kms.katalon.core.main.TestCaseExecutor.execute(TestCaseExecutor.java:369)
	at com.kms.katalon.core.common.CommonExecutor.accessTestCaseMainPhase(CommonExecutor.java:65)
	at com.kms.katalon.core.main.TestSuiteExecutor.accessTestSuiteMainPhase(TestSuiteExecutor.java:151)
	at com.kms.katalon.core.main.TestSuiteExecutor.execute(TestSuiteExecutor.java:106)
	at com.kms.katalon.core.main.TestCaseMain.startTestSuite(TestCaseMain.java:185)
	at com.kms.katalon.core.main.TestCaseMain$startTestSuite$0.call(Unknown Source)
	at TempTestSuite1674037758362.run(TempTestSuite1674037758362.groovy:36)
Caused by: org.openqa.selenium.ElementNotInteractableException: element not interactable
  (Session info: chrome=109.0.5414.75)
Build info: version: '3.141.59', revision: 'e82be7d358', time: '2018-11-14T08:25:53'
System info: host: 'DESKTOP-OGBS4VH', ip: '172.16.173.98', os.name: 'Windows 10', os.arch: 'amd64', os.version: '10.0', java.version: '1.8.0_282'
Driver info: com.kms.katalon.selenium.driver.CChromeDriver
Capabilities {acceptInsecureCerts: false, browserName: chrome, browserVersion: 109.0.5414.75, chrome: {chromedriverVersion: 109.0.5414.74 (e7c5703604da..., userDataDir: C:\Users\Nijjaree\AppData\L...}, goog:chromeOptions: {debuggerAddress: localhost:63557}, javascriptEnabled: true, networkConnectionEnabled: false, pageLoadStrategy: normal, platform: WINDOWS, platformName: WINDOWS, proxy: Proxy(), setWindowRect: true, strictFileInteractability: false, timeouts: {implicit: 0, pageLoad: 300000, script: 30000}, unhandledPromptBehavior: dismiss and notify, webauthn:extension:credBlob: true, webauthn:extension:largeBlob: true, webauthn:virtualAuthenticators: true}
Session ID: 7a3daf471a815cc069caedd6d54450bb
	at org.openqa.selenium.remote.http.W3CHttpResponseCodec.createException(W3CHttpResponseCodec.java:187)
	at org.openqa.selenium.remote.http.W3CHttpResponseCodec.decode(W3CHttpResponseCodec.java:122)
	at org.openqa.selenium.remote.http.W3CHttpResponseCodec.decode(W3CHttpResponseCodec.java:49)
	at org.openqa.selenium.remote.HttpCommandExecutor.execute(HttpCommandExecutor.java:158)
	at org.openqa.selenium.remote.service.DriverCommandExecutor.execute(DriverCommandExecutor.java:83)
	at org.openqa.selenium.remote.RemoteWebDriver.execute(RemoteWebDriver.java:552)
	at com.kms.katalon.selenium.driver.CChromeDriver.execute(CChromeDriver.java:19)
	at org.openqa.selenium.remote.RemoteWebElement.execute(RemoteWebElement.java:285)
	at org.openqa.selenium.remote.RemoteWebElement.click(RemoteWebElement.java:84)
	at org.openqa.selenium.support.events.EventFiringWebDriver$EventFiringWebElement.lambda$new$0(EventFiringWebDriver.java:404)
	at com.sun.proxy.$Proxy11.click(Unknown Source)
	at org.openqa.selenium.support.events.EventFiringWebDriver$EventFiringWebElement.click(EventFiringWebDriver.java:417)
	at org.openqa.selenium.WebElement$click.call(Unknown Source)
	at com.kms.katalon.core.webui.keyword.builtin.ClickKeyword.clickUntilSuccessWithTimeout(ClickKeyword.groovy:81)
	at com.kms.katalon.core.webui.keyword.builtin.ClickKeyword.clickUntilSuccessWithTimeout(ClickKeyword.groovy)
	at com.kms.katalon.core.webui.keyword.builtin.ClickKeyword$_click_closure1.doCall(ClickKeyword.groovy:67)
	at com.kms.katalon.core.webui.keyword.builtin.ClickKeyword$_click_closure1.call(ClickKeyword.groovy)
	at com.kms.katalon.core.webui.keyword.internal.WebUIKeywordMain.runKeyword(WebUIKeywordMain.groovy:20)
	at com.kms.katalon.core.webui.keyword.builtin.ClickKeyword.click(ClickKeyword.groovy:74)
	at com.kms.katalon.core.webui.keyword.builtin.ClickKeyword.execute(ClickKeyword.groovy:40)
	at com.kms.katalon.core.keyword.internal.KeywordExecutor.executeKeywordForPlatform(KeywordExecutor.groovy:74)
	at com.kms.katalon.core.webui.keyword.WebUiBuiltInKeywords.click(WebUiBuiltInKeywords.groovy:620)
	at com.kms.katalon.core.webui.keyword.WebUiBuiltInKeywords$click$3.call(Unknown Source)
	at Script1674036528170.run(Script1674036528170.groovy:30)
	... 16 more
)
[[ATTACHMENT|C:\\Users\\Nijjaree\\Documents\\GitHub\\QAR2\\QA_WolfR2\\Reports\\25660118_172918\\cp\\25660118_172918\\1674038240659.png]]]]></system-out>
         <system-err><![CDATA[2566-01-18 17:35:41 - [TEST_CASE][FAILED] - Test Cases/newpass: Test Cases/newpass FAILED.
Reason:
com.kms.katalon.core.exception.StepFailedException: Unable to click on object 'Object Repository/Page_WOLF/div_WA'
	at com.kms.katalon.core.webui.keyword.internal.WebUIKeywordMain.stepFailed(WebUIKeywordMain.groovy:64)
	at com.kms.katalon.core.webui.keyword.internal.WebUIKeywordMain.runKeyword(WebUIKeywordMain.groovy:26)
	at com.kms.katalon.core.webui.keyword.builtin.ClickKeyword.click(ClickKeyword.groovy:74)
	at com.kms.katalon.core.webui.keyword.builtin.ClickKeyword.execute(ClickKeyword.groovy:40)
	at com.kms.katalon.core.keyword.internal.KeywordExecutor.executeKeywordForPlatform(KeywordExecutor.groovy:74)
	at com.kms.katalon.core.webui.keyword.WebUiBuiltInKeywords.click(WebUiBuiltInKeywords.groovy:620)
	at com.kms.katalon.core.webui.keyword.WebUiBuiltInKeywords$click$3.call(Unknown Source)
	at newpass.run(newpass:30)
	at com.kms.katalon.core.main.ScriptEngine.run(ScriptEngine.java:194)
	at com.kms.katalon.core.main.ScriptEngine.runScriptAsRawText(ScriptEngine.java:119)
	at com.kms.katalon.core.main.TestCaseExecutor.runScript(TestCaseExecutor.java:448)
	at com.kms.katalon.core.main.TestCaseExecutor.doExecute(TestCaseExecutor.java:439)
	at com.kms.katalon.core.main.TestCaseExecutor.processExecutionPhase(TestCaseExecutor.java:418)
	at com.kms.katalon.core.main.TestCaseExecutor.accessMainPhase(TestCaseExecutor.java:410)
	at com.kms.katalon.core.main.TestCaseExecutor.execute(TestCaseExecutor.java:285)
	at com.kms.katalon.core.main.TestCaseExecutor.execute(TestCaseExecutor.java:369)
	at com.kms.katalon.core.main.TestCaseExecutor.execute(TestCaseExecutor.java:369)
	at com.kms.katalon.core.main.TestCaseExecutor.execute(TestCaseExecutor.java:369)
	at com.kms.katalon.core.common.CommonExecutor.accessTestCaseMainPhase(CommonExecutor.java:65)
	at com.kms.katalon.core.main.TestSuiteExecutor.accessTestSuiteMainPhase(TestSuiteExecutor.java:151)
	at com.kms.katalon.core.main.TestSuiteExecutor.execute(TestSuiteExecutor.java:106)
	at com.kms.katalon.core.main.TestCaseMain.startTestSuite(TestCaseMain.java:185)
	at com.kms.katalon.core.main.TestCaseMain$startTestSuite$0.call(Unknown Source)
	at TempTestSuite1674037758362.run(TempTestSuite1674037758362.groovy:36)
Caused by: org.openqa.selenium.ElementNotInteractableException: element not interactable
  (Session info: chrome=109.0.5414.75)
Build info: version: '3.141.59', revision: 'e82be7d358', time: '2018-11-14T08:25:53'
System info: host: 'DESKTOP-OGBS4VH', ip: '172.16.173.98', os.name: 'Windows 10', os.arch: 'amd64', os.version: '10.0', java.version: '1.8.0_282'
Driver info: com.kms.katalon.selenium.driver.CChromeDriver
Capabilities {acceptInsecureCerts: false, browserName: chrome, browserVersion: 109.0.5414.75, chrome: {chromedriverVersion: 109.0.5414.74 (e7c5703604da..., userDataDir: C:\Users\Nijjaree\AppData\L...}, goog:chromeOptions: {debuggerAddress: localhost:63557}, javascriptEnabled: true, networkConnectionEnabled: false, pageLoadStrategy: normal, platform: WINDOWS, platformName: WINDOWS, proxy: Proxy(), setWindowRect: true, strictFileInteractability: false, timeouts: {implicit: 0, pageLoad: 300000, script: 30000}, unhandledPromptBehavior: dismiss and notify, webauthn:extension:credBlob: true, webauthn:extension:largeBlob: true, webauthn:virtualAuthenticators: true}
Session ID: 7a3daf471a815cc069caedd6d54450bb
	at org.openqa.selenium.remote.http.W3CHttpResponseCodec.createException(W3CHttpResponseCodec.java:187)
	at org.openqa.selenium.remote.http.W3CHttpResponseCodec.decode(W3CHttpResponseCodec.java:122)
	at org.openqa.selenium.remote.http.W3CHttpResponseCodec.decode(W3CHttpResponseCodec.java:49)
	at org.openqa.selenium.remote.HttpCommandExecutor.execute(HttpCommandExecutor.java:158)
	at org.openqa.selenium.remote.service.DriverCommandExecutor.execute(DriverCommandExecutor.java:83)
	at org.openqa.selenium.remote.RemoteWebDriver.execute(RemoteWebDriver.java:552)
	at com.kms.katalon.selenium.driver.CChromeDriver.execute(CChromeDriver.java:19)
	at org.openqa.selenium.remote.RemoteWebElement.execute(RemoteWebElement.java:285)
	at org.openqa.selenium.remote.RemoteWebElement.click(RemoteWebElement.java:84)
	at org.openqa.selenium.support.events.EventFiringWebDriver$EventFiringWebElement.lambda$new$0(EventFiringWebDriver.java:404)
	at com.sun.proxy.$Proxy11.click(Unknown Source)
	at org.openqa.selenium.support.events.EventFiringWebDriver$EventFiringWebElement.click(EventFiringWebDriver.java:417)
	at org.openqa.selenium.WebElement$click.call(Unknown Source)
	at com.kms.katalon.core.webui.keyword.builtin.ClickKeyword.clickUntilSuccessWithTimeout(ClickKeyword.groovy:81)
	at com.kms.katalon.core.webui.keyword.builtin.ClickKeyword.clickUntilSuccessWithTimeout(ClickKeyword.groovy)
	at com.kms.katalon.core.webui.keyword.builtin.ClickKeyword$_click_closure1.doCall(ClickKeyword.groovy:67)
	at com.kms.katalon.core.webui.keyword.builtin.ClickKeyword$_click_closure1.call(ClickKeyword.groovy)
	at com.kms.katalon.core.webui.keyword.internal.WebUIKeywordMain.runKeyword(WebUIKeywordMain.groovy:20)
	... 22 more]]></system-err>
      </testcase>
      <system-out><![CDATA[2566-01-18 17:29:28 - [TEST_SUITE][FAILED] - cp: Test Cases/newpass FAILED.
Reason:
com.kms.katalon.core.exception.StepFailedException: Unable to click on object 'Object Repository/Page_WOLF/div_WA'
	at com.kms.katalon.core.webui.keyword.internal.WebUIKeywordMain.stepFailed(WebUIKeywordMain.groovy:64)
	at com.kms.katalon.core.webui.keyword.internal.WebUIKeywordMain.runKeyword(WebUIKeywordMain.groovy:26)
	at com.kms.katalon.core.webui.keyword.builtin.ClickKeyword.click(ClickKeyword.groovy:74)
	at com.kms.katalon.core.webui.keyword.builtin.ClickKeyword.execute(ClickKeyword.groovy:40)
	at com.kms.katalon.core.keyword.internal.KeywordExecutor.executeKeywordForPlatform(KeywordExecutor.groovy:74)
	at com.kms.katalon.core.webui.keyword.WebUiBuiltInKeywords.click(WebUiBuiltInKeywords.groovy:620)
	at com.kms.katalon.core.webui.keyword.WebUiBuiltInKeywords$click$3.call(Unknown Source)
	at newpass.run(newpass:30)
	at com.kms.katalon.core.main.ScriptEngine.run(ScriptEngine.java:194)
	at com.kms.katalon.core.main.ScriptEngine.runScriptAsRawText(ScriptEngine.java:119)
	at com.kms.katalon.core.main.TestCaseExecutor.runScript(TestCaseExecutor.java:448)
	at com.kms.katalon.core.main.TestCaseExecutor.doExecute(TestCaseExecutor.java:439)
	at com.kms.katalon.core.main.TestCaseExecutor.processExecutionPhase(TestCaseExecutor.java:418)
	at com.kms.katalon.core.main.TestCaseExecutor.accessMainPhase(TestCaseExecutor.java:410)
	at com.kms.katalon.core.main.TestCaseExecutor.execute(TestCaseExecutor.java:285)
	at com.kms.katalon.core.common.CommonExecutor.accessTestCaseMainPhase(CommonExecutor.java:65)
	at com.kms.katalon.core.main.TestSuiteExecutor.accessTestSuiteMainPhase(TestSuiteExecutor.java:151)
	at com.kms.katalon.core.main.TestSuiteExecutor.execute(TestSuiteExecutor.java:106)
	at com.kms.katalon.core.main.TestCaseMain.startTestSuite(TestCaseMain.java:185)
	at com.kms.katalon.core.main.TestCaseMain$startTestSuite$0.call(Unknown Source)
	at TempTestSuite1674037758362.run(TempTestSuite1674037758362.groovy:36)
Caused by: org.openqa.selenium.ElementNotInteractableException: element not interactable
  (Session info: chrome=109.0.5414.75)
Build info: version: '3.141.59', revision: 'e82be7d358', time: '2018-11-14T08:25:53'
System info: host: 'DESKTOP-OGBS4VH', ip: '172.16.173.98', os.name: 'Windows 10', os.arch: 'amd64', os.version: '10.0', java.version: '1.8.0_282'
Driver info: com.kms.katalon.selenium.driver.CChromeDriver
Capabilities {acceptInsecureCerts: false, browserName: chrome, browserVersion: 109.0.5414.75, chrome: {chromedriverVersion: 109.0.5414.74 (e7c5703604da..., userDataDir: C:\Users\Nijjaree\AppData\L...}, goog:chromeOptions: {debuggerAddress: localhost:59100}, javascriptEnabled: true, networkConnectionEnabled: false, pageLoadStrategy: normal, platform: WINDOWS, platformName: WINDOWS, proxy: Proxy(), setWindowRect: true, strictFileInteractability: false, timeouts: {implicit: 0, pageLoad: 300000, script: 30000}, unhandledPromptBehavior: dismiss and notify, webauthn:extension:credBlob: true, webauthn:extension:largeBlob: true, webauthn:virtualAuthenticators: true}
Session ID: 10d5b75197508001a1201072a2e209bb
	at org.openqa.selenium.remote.http.W3CHttpResponseCodec.createException(W3CHttpResponseCodec.java:187)
	at org.openqa.selenium.remote.http.W3CHttpResponseCodec.decode(W3CHttpResponseCodec.java:122)
	at org.openqa.selenium.remote.http.W3CHttpResponseCodec.decode(W3CHttpResponseCodec.java:49)
	at org.openqa.selenium.remote.HttpCommandExecutor.execute(HttpCommandExecutor.java:158)
	at org.openqa.selenium.remote.service.DriverCommandExecutor.execute(DriverCommandExecutor.java:83)
	at org.openqa.selenium.remote.RemoteWebDriver.execute(RemoteWebDriver.java:552)
	at com.kms.katalon.selenium.driver.CChromeDriver.execute(CChromeDriver.java:19)
	at org.openqa.selenium.remote.RemoteWebElement.execute(RemoteWebElement.java:285)
	at org.openqa.selenium.remote.RemoteWebElement.click(RemoteWebElement.java:84)
	at org.openqa.selenium.support.events.EventFiringWebDriver$EventFiringWebElement.lambda$new$0(EventFiringWebDriver.java:404)
	at com.sun.proxy.$Proxy11.click(Unknown Source)
	at org.openqa.selenium.support.events.EventFiringWebDriver$EventFiringWebElement.click(EventFiringWebDriver.java:417)
	at org.openqa.selenium.WebElement$click.call(Unknown Source)
	at com.kms.katalon.core.webui.keyword.builtin.ClickKeyword.clickUntilSuccessWithTimeout(ClickKeyword.groovy:81)
	at com.kms.katalon.core.webui.keyword.builtin.ClickKeyword.clickUntilSuccessWithTimeout(ClickKeyword.groovy)
	at com.kms.katalon.core.webui.keyword.builtin.ClickKeyword$_click_closure1.doCall(ClickKeyword.groovy:67)
	at com.kms.katalon.core.webui.keyword.builtin.ClickKeyword$_click_closure1.call(ClickKeyword.groovy)
	at com.kms.katalon.core.webui.keyword.internal.WebUIKeywordMain.runKeyword(WebUIKeywordMain.groovy:20)
	... 19 more]]></system-out>
      <system-err><![CDATA[2566-01-18 17:29:28 - [TEST_SUITE][FAILED] - cp: Test Cases/newpass FAILED.
Reason:
com.kms.katalon.core.exception.StepFailedException: Unable to click on object 'Object Repository/Page_WOLF/div_WA'
	at com.kms.katalon.core.webui.keyword.internal.WebUIKeywordMain.stepFailed(WebUIKeywordMain.groovy:64)
	at com.kms.katalon.core.webui.keyword.internal.WebUIKeywordMain.runKeyword(WebUIKeywordMain.groovy:26)
	at com.kms.katalon.core.webui.keyword.builtin.ClickKeyword.click(ClickKeyword.groovy:74)
	at com.kms.katalon.core.webui.keyword.builtin.ClickKeyword.execute(ClickKeyword.groovy:40)
	at com.kms.katalon.core.keyword.internal.KeywordExecutor.executeKeywordForPlatform(KeywordExecutor.groovy:74)
	at com.kms.katalon.core.webui.keyword.WebUiBuiltInKeywords.click(WebUiBuiltInKeywords.groovy:620)
	at com.kms.katalon.core.webui.keyword.WebUiBuiltInKeywords$click$3.call(Unknown Source)
	at newpass.run(newpass:30)
	at com.kms.katalon.core.main.ScriptEngine.run(ScriptEngine.java:194)
	at com.kms.katalon.core.main.ScriptEngine.runScriptAsRawText(ScriptEngine.java:119)
	at com.kms.katalon.core.main.TestCaseExecutor.runScript(TestCaseExecutor.java:448)
	at com.kms.katalon.core.main.TestCaseExecutor.doExecute(TestCaseExecutor.java:439)
	at com.kms.katalon.core.main.TestCaseExecutor.processExecutionPhase(TestCaseExecutor.java:418)
	at com.kms.katalon.core.main.TestCaseExecutor.accessMainPhase(TestCaseExecutor.java:410)
	at com.kms.katalon.core.main.TestCaseExecutor.execute(TestCaseExecutor.java:285)
	at com.kms.katalon.core.common.CommonExecutor.accessTestCaseMainPhase(CommonExecutor.java:65)
	at com.kms.katalon.core.main.TestSuiteExecutor.accessTestSuiteMainPhase(TestSuiteExecutor.java:151)
	at com.kms.katalon.core.main.TestSuiteExecutor.execute(TestSuiteExecutor.java:106)
	at com.kms.katalon.core.main.TestCaseMain.startTestSuite(TestCaseMain.java:185)
	at com.kms.katalon.core.main.TestCaseMain$startTestSuite$0.call(Unknown Source)
	at TempTestSuite1674037758362.run(TempTestSuite1674037758362.groovy:36)
Caused by: org.openqa.selenium.ElementNotInteractableException: element not interactable
  (Session info: chrome=109.0.5414.75)
Build info: version: '3.141.59', revision: 'e82be7d358', time: '2018-11-14T08:25:53'
System info: host: 'DESKTOP-OGBS4VH', ip: '172.16.173.98', os.name: 'Windows 10', os.arch: 'amd64', os.version: '10.0', java.version: '1.8.0_282'
Driver info: com.kms.katalon.selenium.driver.CChromeDriver
Capabilities {acceptInsecureCerts: false, browserName: chrome, browserVersion: 109.0.5414.75, chrome: {chromedriverVersion: 109.0.5414.74 (e7c5703604da..., userDataDir: C:\Users\Nijjaree\AppData\L...}, goog:chromeOptions: {debuggerAddress: localhost:59100}, javascriptEnabled: true, networkConnectionEnabled: false, pageLoadStrategy: normal, platform: WINDOWS, platformName: WINDOWS, proxy: Proxy(), setWindowRect: true, strictFileInteractability: false, timeouts: {implicit: 0, pageLoad: 300000, script: 30000}, unhandledPromptBehavior: dismiss and notify, webauthn:extension:credBlob: true, webauthn:extension:largeBlob: true, webauthn:virtualAuthenticators: true}
Session ID: 10d5b75197508001a1201072a2e209bb
	at org.openqa.selenium.remote.http.W3CHttpResponseCodec.createException(W3CHttpResponseCodec.java:187)
	at org.openqa.selenium.remote.http.W3CHttpResponseCodec.decode(W3CHttpResponseCodec.java:122)
	at org.openqa.selenium.remote.http.W3CHttpResponseCodec.decode(W3CHttpResponseCodec.java:49)
	at org.openqa.selenium.remote.HttpCommandExecutor.execute(HttpCommandExecutor.java:158)
	at org.openqa.selenium.remote.service.DriverCommandExecutor.execute(DriverCommandExecutor.java:83)
	at org.openqa.selenium.remote.RemoteWebDriver.execute(RemoteWebDriver.java:552)
	at com.kms.katalon.selenium.driver.CChromeDriver.execute(CChromeDriver.java:19)
	at org.openqa.selenium.remote.RemoteWebElement.execute(RemoteWebElement.java:285)
	at org.openqa.selenium.remote.RemoteWebElement.click(RemoteWebElement.java:84)
	at org.openqa.selenium.support.events.EventFiringWebDriver$EventFiringWebElement.lambda$new$0(EventFiringWebDriver.java:404)
	at com.sun.proxy.$Proxy11.click(Unknown Source)
	at org.openqa.selenium.support.events.EventFiringWebDriver$EventFiringWebElement.click(EventFiringWebDriver.java:417)
	at org.openqa.selenium.WebElement$click.call(Unknown Source)
	at com.kms.katalon.core.webui.keyword.builtin.ClickKeyword.clickUntilSuccessWithTimeout(ClickKeyword.groovy:81)
	at com.kms.katalon.core.webui.keyword.builtin.ClickKeyword.clickUntilSuccessWithTimeout(ClickKeyword.groovy)
	at com.kms.katalon.core.webui.keyword.builtin.ClickKeyword$_click_closure1.doCall(ClickKeyword.groovy:67)
	at com.kms.katalon.core.webui.keyword.builtin.ClickKeyword$_click_closure1.call(ClickKeyword.groovy)
	at com.kms.katalon.core.webui.keyword.internal.WebUIKeywordMain.runKeyword(WebUIKeywordMain.groovy:20)
	... 19 more]]></system-err>
   </testsuite>
</testsuites>
