<?xml version="1.0" encoding="UTF-8"?>
<testsuites name="Test Sprint 1" time="405.576" tests="5" failures="2" errors="0">
   <testsuite name="Test Sprint 1" tests="5" failures="2" errors="0" time="405.576" skipped="0" timestamp="2566-01-27 14:43:44" hostname="Nijjaree - DESKTOP-OGBS4VH.techcons.biz" id="Test Suites/Test Sprint 1">
      <properties>
         <property name="deviceName" value=""/>
         <property name="devicePlatform" value=""/>
         <property name="logFolder" value="C:\\Users\\Nijjaree\\Documents\\GitHub\\QAR2\\QA_WolfR2\\Reports\\25660127_144329\\Test Sprint 1\\25660127_144329"/>
         <property name="logFiles" value="C:\\Users\\Nijjaree\\Documents\\GitHub\\QAR2\\QA_WolfR2\\Reports\\25660127_144329\\Test Sprint 1\\25660127_144329\\execution0.log"/>
         <property name="attachments" value="C:\\Users\\Nijjaree\\Documents\\GitHub\\QAR2\\QA_WolfR2\\Reports\\25660127_144329\\Test Sprint 1\\25660127_144329\\1674805557592.png, C:\\Users\\Nijjaree\\Documents\\GitHub\\QAR2\\QA_WolfR2\\Reports\\25660127_144329\\Test Sprint 1\\25660127_144329\\1674805594928.png, C:\\Users\\Nijjaree\\Documents\\GitHub\\QAR2\\QA_WolfR2\\Reports\\25660127_144329\\Test Sprint 1\\25660127_144329\\1674805632482.png, C:\\Users\\Nijjaree\\Documents\\GitHub\\QAR2\\QA_WolfR2\\Reports\\25660127_144329\\Test Sprint 1\\25660127_144329\\1674805720597.png, C:\\Users\\Nijjaree\\Documents\\GitHub\\QAR2\\QA_WolfR2\\Reports\\25660127_144329\\Test Sprint 1\\25660127_144329\\1674805757076.png, C:\\Users\\Nijjaree\\Documents\\GitHub\\QAR2\\QA_WolfR2\\Reports\\25660127_144329\\Test Sprint 1\\25660127_144329\\1674805793408.png, C:\\Users\\Nijjaree\\Documents\\GitHub\\QAR2\\QA_WolfR2\\Reports\\25660127_144329\\Test Sprint 1\\25660127_144329\\1674805829808.png"/>
         <property name="hostName" value="Nijjaree - DESKTOP-OGBS4VH.techcons.biz"/>
         <property name="os" value="Windows 10 64bit"/>
         <property name="katalonVersion" value="8.5.5.208"/>
         <property name="browser" value="Chrome 109.0.0.0"/>
         <property name="hostAddress" value="172.16.173.45"/>
         <property name="sessionId" value="1de75963c1701ade88d2553353deb475"/>
         <property name="seleniumVersion" value="3.141.59"/>
         <property name="proxyInformation" value="ProxyInformation { proxyOption=NO_PROXY, proxyServerType=HTTP, username=, password=********, proxyServerAddress=, proxyServerPort=0, executionList=&quot;&quot;, isApplyToDesiredCapabilities=true }"/>
         <property name="platform" value="Windows 10"/>
      </properties>
      <testcase name="Test Cases/Login Pass" time="16.925" classname="Test Cases/Login Pass" status="PASSED">
         <system-out><![CDATA[2566-01-27 14:43:45 - [TEST_CASE][PASSED] - Test Cases/Login Pass: Test Cases/Login Pass

2566-01-27 14:43:47 - [TEST_STEP][PASSED] - openBrowser(""): Browser is opened with url: ''

2566-01-27 14:43:48 - [MESSAGE][INFO] - Starting 'Chrome' driver

2566-01-27 14:43:48 - [MESSAGE][INFO] - Action delay is set to 0 milliseconds

2566-01-27 14:43:55 - [MESSAGE][PASSED] - Browser is opened with url: ''

2566-01-27 14:43:55 - [TEST_STEP][PASSED] - navigateToUrl("https://qar2.wolfapprove.com/"): Navigate to 'https://qar2.wolfapprove.com/' successfully

2566-01-27 14:43:57 - [MESSAGE][PASSED] - Navigate to 'https://qar2.wolfapprove.com/' successfully

2566-01-27 14:43:57 - [TEST_STEP][PASSED] - setText(findTestObject("Object Repository/Page_WOLF/input_Forgot Password_username"), "wolf01@qar2.com"): Text 'wolf01@qar2.com' is set on object 'Object Repository/Page_WOLF/input_Forgot Password_username'

2566-01-27 14:44:00 - [MESSAGE][PASSED] - Text 'wolf01@qar2.com' is set on object 'Object Repository/Page_WOLF/input_Forgot Password_username'

2566-01-27 14:44:00 - [TEST_STEP][PASSED] - setEncryptedText(findTestObject("Object Repository/Page_WOLF/input_Forgot Password_password"), "/eWc8J9JFEG5WeA2mg7b1w=="): Text ****** has been set on object 'Object Repository/Page_WOLF/input_Forgot Password_password'

2566-01-27 14:44:01 - [MESSAGE][PASSED] - Text ****** has been set on object 'Object Repository/Page_WOLF/input_Forgot Password_password'

2566-01-27 14:44:01 - [TEST_STEP][PASSED] - sendKeys(findTestObject("Object Repository/Page_WOLF/input_Forgot Password_password"), Keys.chord(ENTER)): Keys 'ENTER + ' sent to object: 'Object Repository/Page_WOLF/input_Forgot Password_password'

2566-01-27 14:44:01 - [MESSAGE][PASSED] - Keys 'ENTER + ' sent to object: 'Object Repository/Page_WOLF/input_Forgot Password_password'

2566-01-27 14:44:01 - [TEST_STEP][PASSED] - waitForPageLoad(5): Wait for page load successfully

2566-01-27 14:44:02 - [MESSAGE][PASSED] - Wait for page load successfully]]></system-out>
         <system-err><![CDATA[]]></system-err>
      </testcase>
      <testcase name="Test Cases/Sprint1/Validation_Request_Page_Savedraft" time="71.27" classname="Test Cases/Sprint1/Validation_Request_Page_Savedraft" status="PASSED">
         <system-out><![CDATA[2566-01-27 14:44:02 - [TEST_CASE][PASSED] - Test Cases/Sprint1/Validation_Request_Page_Savedraft: Test Cases/Sprint1/Validation_Request_Page_Savedraft

2566-01-27 14:44:04 - [TEST_STEP][PASSED] - click(findTestObject("Object Repository/Page_WOLF/button_New Request")): Object: 'Object Repository/Page_WOLF/button_New Request' is clicked on

2566-01-27 14:44:05 - [MESSAGE][PASSED] - Object: 'Object Repository/Page_WOLF/button_New Request' is clicked on

2566-01-27 14:44:05 - [TEST_STEP][PASSED] - setText(findTestObject("Object Repository/Page_WOLF/input_concat(id(, , fil, , ))_fil"), "KTL-VLD01"): Text 'KTL-VLD01' is set on object 'Object Repository/Page_WOLF/input_concat(id(, , fil, , ))_fil'

2566-01-27 14:44:06 - [MESSAGE][PASSED] - Text 'KTL-VLD01' is set on object 'Object Repository/Page_WOLF/input_concat(id(, , fil, , ))_fil'

2566-01-27 14:44:06 - [TEST_STEP][PASSED] - click(findTestObject("Object Repository/Page_WOLF/p_KTL-VLD01  Validation Form")): Object: 'Object Repository/Page_WOLF/p_KTL-VLD01  Validation Form' is clicked on

2566-01-27 14:44:37 - [MESSAGE][INFO] - Unable to find the element located by 'By.xpath: (.//*[normalize-space(text()) and normalize-space(.)='Google Chrome'])[1]/following::p[4]'. Please recheck the objects properties to make sure the desired element is located. 

2566-01-27 14:44:37 - [MESSAGE][WARNING] - [SELF-HEALING] Failed to find element with id 'Object Repository/Page_WOLF/p_KTL-VLD01  Validation Form'. Try using Self-healing.

2566-01-27 14:44:38 - [MESSAGE][WARNING] - [SELF-HEALING] The current locator of test object 'Object Repository/Page_WOLF/p_KTL-VLD01  Validation Form' was broken. Propose an alternative one: '//*/text()[normalize-space(.)='KTL-VLD01 : Validation Form']/parent::*'.

2566-01-27 14:44:38 - [MESSAGE][PASSED] - Object: 'Object Repository/Page_WOLF/p_KTL-VLD01  Validation Form' is clicked on

2566-01-27 14:44:38 - [TEST_STEP][PASSED] - click(findTestObject("Object Repository/Page_WOLF/button_Save Draft")): Object: 'Object Repository/Page_WOLF/button_Save Draft' is clicked on

2566-01-27 14:44:41 - [MESSAGE][PASSED] - Object: 'Object Repository/Page_WOLF/button_Save Draft' is clicked on

2566-01-27 14:44:41 - [TEST_STEP][PASSED] - click(findTestObject("Object Repository/Page_WOLF/button_Confirm")): Object: 'Object Repository/Page_WOLF/button_Confirm' is clicked on

2566-01-27 14:45:12 - [MESSAGE][INFO] - Unable to find the element located by 'By.xpath: //div[@id='pr_id_15']/div[3]/div/div/div[2]/button'. Please recheck the objects properties to make sure the desired element is located. 

2566-01-27 14:45:12 - [MESSAGE][WARNING] - [SELF-HEALING] Failed to find element with id 'Object Repository/Page_WOLF/button_Confirm'. Try using Self-healing.

2566-01-27 14:45:13 - [MESSAGE][WARNING] - [SELF-HEALING] The current locator of test object 'Object Repository/Page_WOLF/button_Confirm' was broken. Propose an alternative one: '(.//*[normalize-space(text()) and normalize-space(.)='Cancel'])[1]/following::button[1]'.

2566-01-27 14:45:13 - [MESSAGE][PASSED] - Object: 'Object Repository/Page_WOLF/button_Confirm' is clicked on

2566-01-27 14:45:13 - [TEST_STEP][PASSED] - verifyNotEqual(getUrl(), "https://qar2.wolfapprove.com/Default", STOP_ON_FAILURE): Actual object 'https://qar2.wolfapprove.com/Request?MemoID=0&template=121' and expected object 'https://qar2.wolfapprove.com/Default' are not equal

2566-01-27 14:45:13 - [MESSAGE][PASSED] - Current window's url is: 'https://qar2.wolfapprove.com/Request?MemoID=0&template=121'

2566-01-27 14:45:13 - [MESSAGE][PASSED] - Actual object 'https://qar2.wolfapprove.com/Request?MemoID=0&template=121' and expected object 'https://qar2.wolfapprove.com/Default' are not equal

2566-01-27 14:45:13 - [TEST_STEP][PASSED] - verifyEqual(getUrl(), "https://qar2.wolfapprove.com/Request?MemoID=0&template=121"): Actual object 'https://qar2.wolfapprove.com/Request?MemoID=0&template=121' and expected object 'https://qar2.wolfapprove.com/Request?MemoID=0&template=121' are equal

2566-01-27 14:45:13 - [MESSAGE][PASSED] - Current window's url is: 'https://qar2.wolfapprove.com/Request?MemoID=0&template=121'

2566-01-27 14:45:13 - [MESSAGE][PASSED] - Actual object 'https://qar2.wolfapprove.com/Request?MemoID=0&template=121' and expected object 'https://qar2.wolfapprove.com/Request?MemoID=0&template=121' are equal]]></system-out>
         <system-err><![CDATA[]]></system-err>
      </testcase>
      <testcase name="Test Cases/Sprint1/Validation_Request_Page_Submit" time="37.563" classname="Test Cases/Sprint1/Validation_Request_Page_Submit" status="FAILED">
         <failure type="FAILED" message="Test Cases/Sprint1/Validation_Request_Page_Submit FAILED.
Reason:
com.kms.katalon.core.exception.StepFailedException: Unable to click on object 'Object Repository/Page_WOLF/button_Submit'
	at com.kms.katalon.core.webui.keyword.internal.WebUIKeywordMain.stepFailed(WebUIKeywordMain.groovy:64)
	at com.kms.katalon.core.webui.keyword.internal.WebUIKeywordMain.runKeyword(WebUIKeywordMain.groovy:26)
	at com.kms.katalon.core.webui.keyword.builtin.ClickKeyword.click(ClickKeyword.groovy:74)
	at com.kms.katalon.core.webui.keyword.builtin.ClickKeyword.execute(ClickKeyword.groovy:40)
	at com.kms.katalon.core.keyword.internal.KeywordExecutor.executeKeywordForPlatform(KeywordExecutor.groovy:74)
	at com.kms.katalon.core.webui.keyword.WebUiBuiltInKeywords.click(WebUiBuiltInKeywords.groovy:620)
	at com.kms.katalon.core.webui.keyword.WebUiBuiltInKeywords$click$5.call(Unknown Source)
	at Validation_Request_Page_Submit.run(Validation_Request_Page_Submit:20)
	at com.kms.katalon.core.main.ScriptEngine.run(ScriptEngine.java:194)
	at com.kms.katalon.core.main.ScriptEngine.runScriptAsRawText(ScriptEngine.java:119)
	at com.kms.katalon.core.main.TestCaseExecutor.runScript(TestCaseExecutor.java:448)
	at com.kms.katalon.core.main.TestCaseExecutor.doExecute(TestCaseExecutor.java:439)
	at com.kms.katalon.core.main.TestCaseExecutor.processExecutionPhase(TestCaseExecutor.java:418)
	at com.kms.katalon.core.main.TestCaseExecutor.accessMainPhase(TestCaseExecutor.java:410)
	at com.kms.katalon.core.main.TestCaseExecutor.execute(TestCaseExecutor.java:285)
	at com.kms.katalon.core.main.TestCaseExecutor.execute(TestCaseExecutor.java:369)
	at com.kms.katalon.core.main.TestCaseExecutor.execute(TestCaseExecutor.java:369)
	at com.kms.katalon.core.main.TestCaseExecutor.execute(TestCaseExecutor.java:369)
	at com.kms.katalon.core.common.CommonExecutor.accessTestCaseMainPhase(CommonExecutor.java:65)
	at com.kms.katalon.core.main.TestSuiteExecutor.accessTestSuiteMainPhase(TestSuiteExecutor.java:151)
	at com.kms.katalon.core.main.TestSuiteExecutor.execute(TestSuiteExecutor.java:106)
	at com.kms.katalon.core.main.TestCaseMain.startTestSuite(TestCaseMain.java:185)
	at com.kms.katalon.core.main.TestCaseMain$startTestSuite$0.call(Unknown Source)
	at TempTestSuite1674805409467.run(TempTestSuite1674805409467.groovy:36)
Caused by: com.kms.katalon.core.webui.exception.WebElementNotFoundException: Web element with id: 'Object Repository/Page_WOLF/button_Submit' located by '//div[@id='root']/div[3]/div/div[2]/div[2]/div/button' not found
	at com.kms.katalon.core.webui.common.WebUiCommonHelper.findWebElement(WebUiCommonHelper.java:1370)
	at com.kms.katalon.core.webui.keyword.internal.WebUIAbstractKeyword.findWebElement(WebUIAbstractKeyword.groovy:27)
	at com.kms.katalon.core.webui.keyword.builtin.ClickKeyword$_click_closure1.doCall(ClickKeyword.groovy:65)
	at com.kms.katalon.core.webui.keyword.builtin.ClickKeyword$_click_closure1.call(ClickKeyword.groovy)
	at com.kms.katalon.core.webui.keyword.internal.WebUIKeywordMain.runKeyword(WebUIKeywordMain.groovy:20)
	... 22 more
"/>
         <system-out><![CDATA[2566-01-27 14:46:35 - [TEST_CASE][FAILED] - Test Cases/Sprint1/Validation_Request_Page_Submit: Test Cases/Sprint1/Validation_Request_Page_Submit FAILED.
Reason:
com.kms.katalon.core.exception.StepFailedException: Unable to click on object 'Object Repository/Page_WOLF/button_Submit'
	at com.kms.katalon.core.webui.keyword.internal.WebUIKeywordMain.stepFailed(WebUIKeywordMain.groovy:64)
	at com.kms.katalon.core.webui.keyword.internal.WebUIKeywordMain.runKeyword(WebUIKeywordMain.groovy:26)
	at com.kms.katalon.core.webui.keyword.builtin.ClickKeyword.click(ClickKeyword.groovy:74)
	at com.kms.katalon.core.webui.keyword.builtin.ClickKeyword.execute(ClickKeyword.groovy:40)
	at com.kms.katalon.core.keyword.internal.KeywordExecutor.executeKeywordForPlatform(KeywordExecutor.groovy:74)
	at com.kms.katalon.core.webui.keyword.WebUiBuiltInKeywords.click(WebUiBuiltInKeywords.groovy:620)
	at com.kms.katalon.core.webui.keyword.WebUiBuiltInKeywords$click$5.call(Unknown Source)
	at Validation_Request_Page_Submit.run(Validation_Request_Page_Submit:20)
	at com.kms.katalon.core.main.ScriptEngine.run(ScriptEngine.java:194)
	at com.kms.katalon.core.main.ScriptEngine.runScriptAsRawText(ScriptEngine.java:119)
	at com.kms.katalon.core.main.TestCaseExecutor.runScript(TestCaseExecutor.java:448)
	at com.kms.katalon.core.main.TestCaseExecutor.doExecute(TestCaseExecutor.java:439)
	at com.kms.katalon.core.main.TestCaseExecutor.processExecutionPhase(TestCaseExecutor.java:418)
	at com.kms.katalon.core.main.TestCaseExecutor.accessMainPhase(TestCaseExecutor.java:410)
	at com.kms.katalon.core.main.TestCaseExecutor.execute(TestCaseExecutor.java:285)
	at com.kms.katalon.core.main.TestCaseExecutor.execute(TestCaseExecutor.java:369)
	at com.kms.katalon.core.main.TestCaseExecutor.execute(TestCaseExecutor.java:369)
	at com.kms.katalon.core.main.TestCaseExecutor.execute(TestCaseExecutor.java:369)
	at com.kms.katalon.core.common.CommonExecutor.accessTestCaseMainPhase(CommonExecutor.java:65)
	at com.kms.katalon.core.main.TestSuiteExecutor.accessTestSuiteMainPhase(TestSuiteExecutor.java:151)
	at com.kms.katalon.core.main.TestSuiteExecutor.execute(TestSuiteExecutor.java:106)
	at com.kms.katalon.core.main.TestCaseMain.startTestSuite(TestCaseMain.java:185)
	at com.kms.katalon.core.main.TestCaseMain$startTestSuite$0.call(Unknown Source)
	at TempTestSuite1674805409467.run(TempTestSuite1674805409467.groovy:36)
Caused by: com.kms.katalon.core.webui.exception.WebElementNotFoundException: Web element with id: 'Object Repository/Page_WOLF/button_Submit' located by '//div[@id='root']/div[3]/div/div[2]/div[2]/div/button' not found
	at com.kms.katalon.core.webui.common.WebUiCommonHelper.findWebElement(WebUiCommonHelper.java:1370)
	at com.kms.katalon.core.webui.keyword.internal.WebUIAbstractKeyword.findWebElement(WebUIAbstractKeyword.groovy:27)
	at com.kms.katalon.core.webui.keyword.builtin.ClickKeyword$_click_closure1.doCall(ClickKeyword.groovy:65)
	at com.kms.katalon.core.webui.keyword.builtin.ClickKeyword$_click_closure1.call(ClickKeyword.groovy)
	at com.kms.katalon.core.webui.keyword.internal.WebUIKeywordMain.runKeyword(WebUIKeywordMain.groovy:20)
	... 22 more


2566-01-27 14:46:35 - [TEST_STEP][FAILED] - click(findTestObject("Object Repository/Page_WOLF/button_Submit")): Unable to click on object 'Object Repository/Page_WOLF/button_Submit' (Root cause: com.kms.katalon.core.exception.StepFailedException: Unable to click on object 'Object Repository/Page_WOLF/button_Submit'
	at com.kms.katalon.core.webui.keyword.internal.WebUIKeywordMain.stepFailed(WebUIKeywordMain.groovy:64)
	at com.kms.katalon.core.webui.keyword.internal.WebUIKeywordMain.runKeyword(WebUIKeywordMain.groovy:26)
	at com.kms.katalon.core.webui.keyword.builtin.ClickKeyword.click(ClickKeyword.groovy:74)
	at com.kms.katalon.core.webui.keyword.builtin.ClickKeyword.execute(ClickKeyword.groovy:40)
	at com.kms.katalon.core.keyword.internal.KeywordExecutor.executeKeywordForPlatform(KeywordExecutor.groovy:74)
	at com.kms.katalon.core.webui.keyword.WebUiBuiltInKeywords.click(WebUiBuiltInKeywords.groovy:620)
	at com.kms.katalon.core.webui.keyword.WebUiBuiltInKeywords$click$5.call(Unknown Source)
	at Validation_Request_Page_Submit.run(Validation_Request_Page_Submit:20)
	at com.kms.katalon.core.main.ScriptEngine.run(ScriptEngine.java:194)
	at com.kms.katalon.core.main.ScriptEngine.runScriptAsRawText(ScriptEngine.java:119)
	at com.kms.katalon.core.main.TestCaseExecutor.runScript(TestCaseExecutor.java:448)
	at com.kms.katalon.core.main.TestCaseExecutor.doExecute(TestCaseExecutor.java:439)
	at com.kms.katalon.core.main.TestCaseExecutor.processExecutionPhase(TestCaseExecutor.java:418)
	at com.kms.katalon.core.main.TestCaseExecutor.accessMainPhase(TestCaseExecutor.java:410)
	at com.kms.katalon.core.main.TestCaseExecutor.execute(TestCaseExecutor.java:285)
	at com.kms.katalon.core.main.TestCaseExecutor.execute(TestCaseExecutor.java:369)
	at com.kms.katalon.core.main.TestCaseExecutor.execute(TestCaseExecutor.java:369)
	at com.kms.katalon.core.main.TestCaseExecutor.execute(TestCaseExecutor.java:369)
	at com.kms.katalon.core.common.CommonExecutor.accessTestCaseMainPhase(CommonExecutor.java:65)
	at com.kms.katalon.core.main.TestSuiteExecutor.accessTestSuiteMainPhase(TestSuiteExecutor.java:151)
	at com.kms.katalon.core.main.TestSuiteExecutor.execute(TestSuiteExecutor.java:106)
	at com.kms.katalon.core.main.TestCaseMain.startTestSuite(TestCaseMain.java:185)
	at com.kms.katalon.core.main.TestCaseMain$startTestSuite$0.call(Unknown Source)
	at TempTestSuite1674805409467.run(TempTestSuite1674805409467.groovy:36)
Caused by: com.kms.katalon.core.webui.exception.WebElementNotFoundException: Web element with id: 'Object Repository/Page_WOLF/button_Submit' located by '//div[@id='root']/div[3]/div/div[2]/div[2]/div/button' not found
	at com.kms.katalon.core.webui.common.WebUiCommonHelper.findWebElement(WebUiCommonHelper.java:1370)
	at com.kms.katalon.core.webui.keyword.internal.WebUIAbstractKeyword.findWebElement(WebUIAbstractKeyword.groovy:27)
	at com.kms.katalon.core.webui.keyword.builtin.ClickKeyword$_click_closure1.doCall(ClickKeyword.groovy:65)
	at com.kms.katalon.core.webui.keyword.builtin.ClickKeyword$_click_closure1.call(ClickKeyword.groovy)
	at com.kms.katalon.core.webui.keyword.internal.WebUIKeywordMain.runKeyword(WebUIKeywordMain.groovy:20)
	at com.kms.katalon.core.webui.keyword.builtin.ClickKeyword.click(ClickKeyword.groovy:74)
	at com.kms.katalon.core.webui.keyword.builtin.ClickKeyword.execute(ClickKeyword.groovy:40)
	at com.kms.katalon.core.keyword.internal.KeywordExecutor.executeKeywordForPlatform(KeywordExecutor.groovy:74)
	at com.kms.katalon.core.webui.keyword.WebUiBuiltInKeywords.click(WebUiBuiltInKeywords.groovy:620)
	at com.kms.katalon.core.webui.keyword.WebUiBuiltInKeywords$click$5.call(Unknown Source)
	at Script1674718614931.run(Script1674718614931.groovy:20)
	... 16 more
)

2566-01-27 14:47:06 - [MESSAGE][INFO] - Unable to find the element located by 'By.xpath: //div[@id='root']/div[3]/div/div[2]/div[2]/div/button'. Please recheck the objects properties to make sure the desired element is located. 

2566-01-27 14:47:06 - [MESSAGE][WARNING] - [SELF-HEALING] Failed to find element with id 'Object Repository/Page_WOLF/button_Submit'. Try using Self-healing.

2566-01-27 14:47:07 - [MESSAGE][INFO] - Unable to find the element located by 'By.xpath: //div[2]/div[2]/div/button'. Please recheck the objects properties to make sure the desired element is located. 

2566-01-27 14:47:08 - [MESSAGE][INFO] - [SELF-HEALING] Failed Locator: '//div[@id='root']/div[3]/div/div[2]/div[2]/div/button'.

2566-01-27 14:47:08 - [MESSAGE][INFO] - [SELF-HEALING] Failed Locator: '(.//*[normalize-space(text()) and normalize-space(.)='Requestor'])[1]/preceding::button[2]'.

2566-01-27 14:47:08 - [MESSAGE][INFO] - [SELF-HEALING] Failed Locator: '(.//*[normalize-space(text()) and normalize-space(.)='Information'])[1]/preceding::button[3]'.

2566-01-27 14:47:09 - [MESSAGE][INFO] - [SELF-HEALING] Failed Locator: '//div[2]/div[2]/div/button'.

2566-01-27 14:47:09 - [MESSAGE][INFO] - [SELF-HEALING] Failed Locator: '//button[(text() = ' Submit' or . = ' Submit')]'.

2566-01-27 14:47:09 - [MESSAGE][INFO] - [SELF-HEALING] Failed Locator: '(.//*[normalize-space(text()) and normalize-space(.)='Requestor'])[1]/preceding::button[6]'.

2566-01-27 14:47:10 - [MESSAGE][INFO] - [SELF-HEALING] Failed Locator: '(.//*[normalize-space(text()) and normalize-space(.)='Information'])[1]/preceding::button[7]'.

2566-01-27 14:47:11 - [MESSAGE][INFO] - Unable to find the element located by 'By.xpath: //*[(text() = ' Submit' or . = ' Submit')]'. Please recheck the objects properties to make sure the desired element is located. 

2566-01-27 14:47:12 - [MESSAGE][INFO] - Unable to find the element located by 'By.cssSelector: button.memo-button.submit'. Please recheck the objects properties to make sure the desired element is located. 

2566-01-27 14:47:12 - [MESSAGE][FAILED] - Unable to click on object 'Object Repository/Page_WOLF/button_Submit' (Root cause: com.kms.katalon.core.exception.StepFailedException: Unable to click on object 'Object Repository/Page_WOLF/button_Submit'
	at com.kms.katalon.core.webui.keyword.internal.WebUIKeywordMain.stepFailed(WebUIKeywordMain.groovy:64)
	at com.kms.katalon.core.webui.keyword.internal.WebUIKeywordMain.runKeyword(WebUIKeywordMain.groovy:26)
	at com.kms.katalon.core.webui.keyword.builtin.ClickKeyword.click(ClickKeyword.groovy:74)
	at com.kms.katalon.core.webui.keyword.builtin.ClickKeyword.execute(ClickKeyword.groovy:40)
	at com.kms.katalon.core.keyword.internal.KeywordExecutor.executeKeywordForPlatform(KeywordExecutor.groovy:74)
	at com.kms.katalon.core.webui.keyword.WebUiBuiltInKeywords.click(WebUiBuiltInKeywords.groovy:620)
	at com.kms.katalon.core.webui.keyword.WebUiBuiltInKeywords$click$5.call(Unknown Source)
	at Validation_Request_Page_Submit.run(Validation_Request_Page_Submit:20)
	at com.kms.katalon.core.main.ScriptEngine.run(ScriptEngine.java:194)
	at com.kms.katalon.core.main.ScriptEngine.runScriptAsRawText(ScriptEngine.java:119)
	at com.kms.katalon.core.main.TestCaseExecutor.runScript(TestCaseExecutor.java:448)
	at com.kms.katalon.core.main.TestCaseExecutor.doExecute(TestCaseExecutor.java:439)
	at com.kms.katalon.core.main.TestCaseExecutor.processExecutionPhase(TestCaseExecutor.java:418)
	at com.kms.katalon.core.main.TestCaseExecutor.accessMainPhase(TestCaseExecutor.java:410)
	at com.kms.katalon.core.main.TestCaseExecutor.execute(TestCaseExecutor.java:285)
	at com.kms.katalon.core.main.TestCaseExecutor.execute(TestCaseExecutor.java:369)
	at com.kms.katalon.core.main.TestCaseExecutor.execute(TestCaseExecutor.java:369)
	at com.kms.katalon.core.main.TestCaseExecutor.execute(TestCaseExecutor.java:369)
	at com.kms.katalon.core.common.CommonExecutor.accessTestCaseMainPhase(CommonExecutor.java:65)
	at com.kms.katalon.core.main.TestSuiteExecutor.accessTestSuiteMainPhase(TestSuiteExecutor.java:151)
	at com.kms.katalon.core.main.TestSuiteExecutor.execute(TestSuiteExecutor.java:106)
	at com.kms.katalon.core.main.TestCaseMain.startTestSuite(TestCaseMain.java:185)
	at com.kms.katalon.core.main.TestCaseMain$startTestSuite$0.call(Unknown Source)
	at TempTestSuite1674805409467.run(TempTestSuite1674805409467.groovy:36)
Caused by: com.kms.katalon.core.webui.exception.WebElementNotFoundException: Web element with id: 'Object Repository/Page_WOLF/button_Submit' located by '//div[@id='root']/div[3]/div/div[2]/div[2]/div/button' not found
	at com.kms.katalon.core.webui.common.WebUiCommonHelper.findWebElement(WebUiCommonHelper.java:1370)
	at com.kms.katalon.core.webui.keyword.internal.WebUIAbstractKeyword.findWebElement(WebUIAbstractKeyword.groovy:27)
	at com.kms.katalon.core.webui.keyword.builtin.ClickKeyword$_click_closure1.doCall(ClickKeyword.groovy:65)
	at com.kms.katalon.core.webui.keyword.builtin.ClickKeyword$_click_closure1.call(ClickKeyword.groovy)
	at com.kms.katalon.core.webui.keyword.internal.WebUIKeywordMain.runKeyword(WebUIKeywordMain.groovy:20)
	at com.kms.katalon.core.webui.keyword.builtin.ClickKeyword.click(ClickKeyword.groovy:74)
	at com.kms.katalon.core.webui.keyword.builtin.ClickKeyword.execute(ClickKeyword.groovy:40)
	at com.kms.katalon.core.keyword.internal.KeywordExecutor.executeKeywordForPlatform(KeywordExecutor.groovy:74)
	at com.kms.katalon.core.webui.keyword.WebUiBuiltInKeywords.click(WebUiBuiltInKeywords.groovy:620)
	at com.kms.katalon.core.webui.keyword.WebUiBuiltInKeywords$click$5.call(Unknown Source)
	at Script1674718614931.run(Script1674718614931.groovy:20)
	... 16 more
)
[[ATTACHMENT|C:\\Users\\Nijjaree\\Documents\\GitHub\\QAR2\\QA_WolfR2\\Reports\\25660127_144329\\Test Sprint 1\\25660127_144329\\1674805632482.png]]]]></system-out>
         <system-err><![CDATA[2566-01-27 14:46:35 - [TEST_CASE][FAILED] - Test Cases/Sprint1/Validation_Request_Page_Submit: Test Cases/Sprint1/Validation_Request_Page_Submit FAILED.
Reason:
com.kms.katalon.core.exception.StepFailedException: Unable to click on object 'Object Repository/Page_WOLF/button_Submit'
	at com.kms.katalon.core.webui.keyword.internal.WebUIKeywordMain.stepFailed(WebUIKeywordMain.groovy:64)
	at com.kms.katalon.core.webui.keyword.internal.WebUIKeywordMain.runKeyword(WebUIKeywordMain.groovy:26)
	at com.kms.katalon.core.webui.keyword.builtin.ClickKeyword.click(ClickKeyword.groovy:74)
	at com.kms.katalon.core.webui.keyword.builtin.ClickKeyword.execute(ClickKeyword.groovy:40)
	at com.kms.katalon.core.keyword.internal.KeywordExecutor.executeKeywordForPlatform(KeywordExecutor.groovy:74)
	at com.kms.katalon.core.webui.keyword.WebUiBuiltInKeywords.click(WebUiBuiltInKeywords.groovy:620)
	at com.kms.katalon.core.webui.keyword.WebUiBuiltInKeywords$click$5.call(Unknown Source)
	at Validation_Request_Page_Submit.run(Validation_Request_Page_Submit:20)
	at com.kms.katalon.core.main.ScriptEngine.run(ScriptEngine.java:194)
	at com.kms.katalon.core.main.ScriptEngine.runScriptAsRawText(ScriptEngine.java:119)
	at com.kms.katalon.core.main.TestCaseExecutor.runScript(TestCaseExecutor.java:448)
	at com.kms.katalon.core.main.TestCaseExecutor.doExecute(TestCaseExecutor.java:439)
	at com.kms.katalon.core.main.TestCaseExecutor.processExecutionPhase(TestCaseExecutor.java:418)
	at com.kms.katalon.core.main.TestCaseExecutor.accessMainPhase(TestCaseExecutor.java:410)
	at com.kms.katalon.core.main.TestCaseExecutor.execute(TestCaseExecutor.java:285)
	at com.kms.katalon.core.main.TestCaseExecutor.execute(TestCaseExecutor.java:369)
	at com.kms.katalon.core.main.TestCaseExecutor.execute(TestCaseExecutor.java:369)
	at com.kms.katalon.core.main.TestCaseExecutor.execute(TestCaseExecutor.java:369)
	at com.kms.katalon.core.common.CommonExecutor.accessTestCaseMainPhase(CommonExecutor.java:65)
	at com.kms.katalon.core.main.TestSuiteExecutor.accessTestSuiteMainPhase(TestSuiteExecutor.java:151)
	at com.kms.katalon.core.main.TestSuiteExecutor.execute(TestSuiteExecutor.java:106)
	at com.kms.katalon.core.main.TestCaseMain.startTestSuite(TestCaseMain.java:185)
	at com.kms.katalon.core.main.TestCaseMain$startTestSuite$0.call(Unknown Source)
	at TempTestSuite1674805409467.run(TempTestSuite1674805409467.groovy:36)
Caused by: com.kms.katalon.core.webui.exception.WebElementNotFoundException: Web element with id: 'Object Repository/Page_WOLF/button_Submit' located by '//div[@id='root']/div[3]/div/div[2]/div[2]/div/button' not found
	at com.kms.katalon.core.webui.common.WebUiCommonHelper.findWebElement(WebUiCommonHelper.java:1370)
	at com.kms.katalon.core.webui.keyword.internal.WebUIAbstractKeyword.findWebElement(WebUIAbstractKeyword.groovy:27)
	at com.kms.katalon.core.webui.keyword.builtin.ClickKeyword$_click_closure1.doCall(ClickKeyword.groovy:65)
	at com.kms.katalon.core.webui.keyword.builtin.ClickKeyword$_click_closure1.call(ClickKeyword.groovy)
	at com.kms.katalon.core.webui.keyword.internal.WebUIKeywordMain.runKeyword(WebUIKeywordMain.groovy:20)
	... 22 more]]></system-err>
      </testcase>
      <testcase name="Test Cases/Sprint1/Action_Save Draft" time="49.915" classname="Test Cases/Sprint1/Action_Save Draft" status="PASSED">
         <system-out><![CDATA[2566-01-27 14:47:12 - [TEST_CASE][PASSED] - Test Cases/Sprint1/Action_Save Draft: Test Cases/Sprint1/Action_Save Draft

2566-01-27 14:47:14 - [TEST_STEP][PASSED] - navigateToUrl("https://qar2.wolfapprove.com/Request?MemoID=0&template=123"): Navigate to 'https://qar2.wolfapprove.com/Request?MemoID=0&template=123' successfully

2566-01-27 14:47:16 - [MESSAGE][PASSED] - Navigate to 'https://qar2.wolfapprove.com/Request?MemoID=0&template=123' successfully

2566-01-27 14:47:16 - [TEST_STEP][PASSED] - click(findTestObject("Object Repository/Page_WOLF/input__p-inputtext p-component information-_4aaea2")): Object: 'Object Repository/Page_WOLF/input__p-inputtext p-component information-_4aaea2' is clicked on

2566-01-27 14:47:18 - [MESSAGE][PASSED] - Object: 'Object Repository/Page_WOLF/input__p-inputtext p-component information-_4aaea2' is clicked on

2566-01-27 14:47:18 - [TEST_STEP][PASSED] - click(findTestObject("Object Repository/Page_WOLF/div_TCB")): Object: 'Object Repository/Page_WOLF/div_TCB' is clicked on

2566-01-27 14:47:19 - [MESSAGE][PASSED] - Object: 'Object Repository/Page_WOLF/div_TCB' is clicked on

2566-01-27 14:47:19 - [TEST_STEP][PASSED] - click(findTestObject("Page_WOLF/button_Save Draft")): Object: 'Object Repository/Page_WOLF/button_Save Draft' is clicked on

2566-01-27 14:47:20 - [MESSAGE][PASSED] - Object: 'Object Repository/Page_WOLF/button_Save Draft' is clicked on

2566-01-27 14:47:20 - [TEST_STEP][PASSED] - click(findTestObject("Object Repository/Page_WOLF/button_Confirm")): Object: 'Object Repository/Page_WOLF/button_Confirm' is clicked on

2566-01-27 14:47:52 - [MESSAGE][INFO] - Unable to find the element located by 'By.xpath: //div[@id='pr_id_15']/div[3]/div/div/div[2]/button'. Please recheck the objects properties to make sure the desired element is located. 

2566-01-27 14:47:52 - [MESSAGE][WARNING] - [SELF-HEALING] Failed to find element with id 'Object Repository/Page_WOLF/button_Confirm'. Try using Self-healing.

2566-01-27 14:47:52 - [MESSAGE][WARNING] - [SELF-HEALING] The current locator of test object 'Object Repository/Page_WOLF/button_Confirm' was broken. Propose an alternative one: '(.//*[normalize-space(text()) and normalize-space(.)='Cancel'])[1]/following::button[1]'.

2566-01-27 14:47:52 - [MESSAGE][PASSED] - Object: 'Object Repository/Page_WOLF/button_Confirm' is clicked on

2566-01-27 14:47:52 - [TEST_STEP][PASSED] - click(findTestObject("Object Repository/Page_WOLF/p_KTL-ACT01-2023-000004")): Object: 'Object Repository/Page_WOLF/p_KTL-ACT01-2023-000004' is clicked on

2566-01-27 14:47:56 - [MESSAGE][PASSED] - Object: 'Object Repository/Page_WOLF/p_KTL-ACT01-2023-000004' is clicked on

2566-01-27 14:47:56 - [TEST_STEP][PASSED] - verifyElementText(findTestObject("Object Repository/Page_WOLF/span_Wait for Approve"), "Draft"): Actual text and expected text of test object 'Object Repository/Page_WOLF/span_Wait for Approve' are matched.

2566-01-27 14:48:01 - [MESSAGE][PASSED] - Actual text and expected text of test object 'Object Repository/Page_WOLF/span_Wait for Approve' are matched.

2566-01-27 14:48:01 - [TEST_STEP][PASSED] - click(findTestObject("Object Repository/Page_WOLF/button_History")): Object: 'Object Repository/Page_WOLF/button_History' is clicked on

2566-01-27 14:48:01 - [MESSAGE][PASSED] - Object: 'Object Repository/Page_WOLF/button_History' is clicked on

2566-01-27 14:48:01 - [TEST_STEP][PASSED] - verifyElementText(findTestObject("Object Repository/Page_WOLF/span_Submitted"), "Draft"): Actual text and expected text of test object 'Object Repository/Page_WOLF/span_Submitted' are matched.

2566-01-27 14:48:02 - [MESSAGE][PASSED] - Actual text and expected text of test object 'Object Repository/Page_WOLF/span_Submitted' are matched.]]></system-out>
         <system-err><![CDATA[]]></system-err>
      </testcase>
      <testcase name="Test Cases/Sprint1/Action_Submit" time="36.315" classname="Test Cases/Sprint1/Action_Submit" status="FAILED">
         <failure type="FAILED" message="Test Cases/Sprint1/Action_Submit FAILED.
Reason:
com.kms.katalon.core.exception.StepFailedException: Unable to click on object 'Object Repository/Page_WOLF/p_KTL-ACT01-2023-000004'
	at com.kms.katalon.core.webui.keyword.internal.WebUIKeywordMain.stepFailed(WebUIKeywordMain.groovy:64)
	at com.kms.katalon.core.webui.keyword.internal.WebUIKeywordMain.runKeyword(WebUIKeywordMain.groovy:26)
	at com.kms.katalon.core.webui.keyword.builtin.ClickKeyword.click(ClickKeyword.groovy:74)
	at com.kms.katalon.core.webui.keyword.builtin.ClickKeyword.execute(ClickKeyword.groovy:40)
	at com.kms.katalon.core.keyword.internal.KeywordExecutor.executeKeywordForPlatform(KeywordExecutor.groovy:74)
	at com.kms.katalon.core.webui.keyword.WebUiBuiltInKeywords.click(WebUiBuiltInKeywords.groovy:620)
	at com.kms.katalon.core.webui.keyword.WebUiBuiltInKeywords$click$5.call(Unknown Source)
	at Action_Submit.run(Action_Submit:20)
	at com.kms.katalon.core.main.ScriptEngine.run(ScriptEngine.java:194)
	at com.kms.katalon.core.main.ScriptEngine.runScriptAsRawText(ScriptEngine.java:119)
	at com.kms.katalon.core.main.TestCaseExecutor.runScript(TestCaseExecutor.java:448)
	at com.kms.katalon.core.main.TestCaseExecutor.doExecute(TestCaseExecutor.java:439)
	at com.kms.katalon.core.main.TestCaseExecutor.processExecutionPhase(TestCaseExecutor.java:418)
	at com.kms.katalon.core.main.TestCaseExecutor.accessMainPhase(TestCaseExecutor.java:410)
	at com.kms.katalon.core.main.TestCaseExecutor.execute(TestCaseExecutor.java:285)
	at com.kms.katalon.core.main.TestCaseExecutor.execute(TestCaseExecutor.java:369)
	at com.kms.katalon.core.main.TestCaseExecutor.execute(TestCaseExecutor.java:369)
	at com.kms.katalon.core.main.TestCaseExecutor.execute(TestCaseExecutor.java:369)
	at com.kms.katalon.core.common.CommonExecutor.accessTestCaseMainPhase(CommonExecutor.java:65)
	at com.kms.katalon.core.main.TestSuiteExecutor.accessTestSuiteMainPhase(TestSuiteExecutor.java:151)
	at com.kms.katalon.core.main.TestSuiteExecutor.execute(TestSuiteExecutor.java:106)
	at com.kms.katalon.core.main.TestCaseMain.startTestSuite(TestCaseMain.java:185)
	at com.kms.katalon.core.main.TestCaseMain$startTestSuite$0.call(Unknown Source)
	at TempTestSuite1674805409467.run(TempTestSuite1674805409467.groovy:36)
Caused by: com.kms.katalon.core.webui.exception.WebElementNotFoundException: Web element with id: 'Object Repository/Page_WOLF/p_KTL-ACT01-2023-000004' located by '//div[@id='root']/div[3]/div/div/div[2]/div/div/div[2]/div/div[3]/div/div/p' not found
	at com.kms.katalon.core.webui.common.WebUiCommonHelper.findWebElement(WebUiCommonHelper.java:1370)
	at com.kms.katalon.core.webui.keyword.internal.WebUIAbstractKeyword.findWebElement(WebUIAbstractKeyword.groovy:27)
	at com.kms.katalon.core.webui.keyword.builtin.ClickKeyword$_click_closure1.doCall(ClickKeyword.groovy:65)
	at com.kms.katalon.core.webui.keyword.builtin.ClickKeyword$_click_closure1.call(ClickKeyword.groovy)
	at com.kms.katalon.core.webui.keyword.internal.WebUIKeywordMain.runKeyword(WebUIKeywordMain.groovy:20)
	... 22 more
"/>
         <system-out><![CDATA[2566-01-27 14:49:53 - [TEST_CASE][FAILED] - Test Cases/Sprint1/Action_Submit: Test Cases/Sprint1/Action_Submit FAILED.
Reason:
com.kms.katalon.core.exception.StepFailedException: Unable to click on object 'Object Repository/Page_WOLF/p_KTL-ACT01-2023-000004'
	at com.kms.katalon.core.webui.keyword.internal.WebUIKeywordMain.stepFailed(WebUIKeywordMain.groovy:64)
	at com.kms.katalon.core.webui.keyword.internal.WebUIKeywordMain.runKeyword(WebUIKeywordMain.groovy:26)
	at com.kms.katalon.core.webui.keyword.builtin.ClickKeyword.click(ClickKeyword.groovy:74)
	at com.kms.katalon.core.webui.keyword.builtin.ClickKeyword.execute(ClickKeyword.groovy:40)
	at com.kms.katalon.core.keyword.internal.KeywordExecutor.executeKeywordForPlatform(KeywordExecutor.groovy:74)
	at com.kms.katalon.core.webui.keyword.WebUiBuiltInKeywords.click(WebUiBuiltInKeywords.groovy:620)
	at com.kms.katalon.core.webui.keyword.WebUiBuiltInKeywords$click$5.call(Unknown Source)
	at Action_Submit.run(Action_Submit:20)
	at com.kms.katalon.core.main.ScriptEngine.run(ScriptEngine.java:194)
	at com.kms.katalon.core.main.ScriptEngine.runScriptAsRawText(ScriptEngine.java:119)
	at com.kms.katalon.core.main.TestCaseExecutor.runScript(TestCaseExecutor.java:448)
	at com.kms.katalon.core.main.TestCaseExecutor.doExecute(TestCaseExecutor.java:439)
	at com.kms.katalon.core.main.TestCaseExecutor.processExecutionPhase(TestCaseExecutor.java:418)
	at com.kms.katalon.core.main.TestCaseExecutor.accessMainPhase(TestCaseExecutor.java:410)
	at com.kms.katalon.core.main.TestCaseExecutor.execute(TestCaseExecutor.java:285)
	at com.kms.katalon.core.main.TestCaseExecutor.execute(TestCaseExecutor.java:369)
	at com.kms.katalon.core.main.TestCaseExecutor.execute(TestCaseExecutor.java:369)
	at com.kms.katalon.core.main.TestCaseExecutor.execute(TestCaseExecutor.java:369)
	at com.kms.katalon.core.common.CommonExecutor.accessTestCaseMainPhase(CommonExecutor.java:65)
	at com.kms.katalon.core.main.TestSuiteExecutor.accessTestSuiteMainPhase(TestSuiteExecutor.java:151)
	at com.kms.katalon.core.main.TestSuiteExecutor.execute(TestSuiteExecutor.java:106)
	at com.kms.katalon.core.main.TestCaseMain.startTestSuite(TestCaseMain.java:185)
	at com.kms.katalon.core.main.TestCaseMain$startTestSuite$0.call(Unknown Source)
	at TempTestSuite1674805409467.run(TempTestSuite1674805409467.groovy:36)
Caused by: com.kms.katalon.core.webui.exception.WebElementNotFoundException: Web element with id: 'Object Repository/Page_WOLF/p_KTL-ACT01-2023-000004' located by '//div[@id='root']/div[3]/div/div/div[2]/div/div/div[2]/div/div[3]/div/div/p' not found
	at com.kms.katalon.core.webui.common.WebUiCommonHelper.findWebElement(WebUiCommonHelper.java:1370)
	at com.kms.katalon.core.webui.keyword.internal.WebUIAbstractKeyword.findWebElement(WebUIAbstractKeyword.groovy:27)
	at com.kms.katalon.core.webui.keyword.builtin.ClickKeyword$_click_closure1.doCall(ClickKeyword.groovy:65)
	at com.kms.katalon.core.webui.keyword.builtin.ClickKeyword$_click_closure1.call(ClickKeyword.groovy)
	at com.kms.katalon.core.webui.keyword.internal.WebUIKeywordMain.runKeyword(WebUIKeywordMain.groovy:20)
	... 22 more


2566-01-27 14:49:53 - [TEST_STEP][FAILED] - click(findTestObject("Object Repository/Page_WOLF/p_KTL-ACT01-2023-000004")): Unable to click on object 'Object Repository/Page_WOLF/p_KTL-ACT01-2023-000004' (Root cause: com.kms.katalon.core.exception.StepFailedException: Unable to click on object 'Object Repository/Page_WOLF/p_KTL-ACT01-2023-000004'
	at com.kms.katalon.core.webui.keyword.internal.WebUIKeywordMain.stepFailed(WebUIKeywordMain.groovy:64)
	at com.kms.katalon.core.webui.keyword.internal.WebUIKeywordMain.runKeyword(WebUIKeywordMain.groovy:26)
	at com.kms.katalon.core.webui.keyword.builtin.ClickKeyword.click(ClickKeyword.groovy:74)
	at com.kms.katalon.core.webui.keyword.builtin.ClickKeyword.execute(ClickKeyword.groovy:40)
	at com.kms.katalon.core.keyword.internal.KeywordExecutor.executeKeywordForPlatform(KeywordExecutor.groovy:74)
	at com.kms.katalon.core.webui.keyword.WebUiBuiltInKeywords.click(WebUiBuiltInKeywords.groovy:620)
	at com.kms.katalon.core.webui.keyword.WebUiBuiltInKeywords$click$5.call(Unknown Source)
	at Action_Submit.run(Action_Submit:20)
	at com.kms.katalon.core.main.ScriptEngine.run(ScriptEngine.java:194)
	at com.kms.katalon.core.main.ScriptEngine.runScriptAsRawText(ScriptEngine.java:119)
	at com.kms.katalon.core.main.TestCaseExecutor.runScript(TestCaseExecutor.java:448)
	at com.kms.katalon.core.main.TestCaseExecutor.doExecute(TestCaseExecutor.java:439)
	at com.kms.katalon.core.main.TestCaseExecutor.processExecutionPhase(TestCaseExecutor.java:418)
	at com.kms.katalon.core.main.TestCaseExecutor.accessMainPhase(TestCaseExecutor.java:410)
	at com.kms.katalon.core.main.TestCaseExecutor.execute(TestCaseExecutor.java:285)
	at com.kms.katalon.core.main.TestCaseExecutor.execute(TestCaseExecutor.java:369)
	at com.kms.katalon.core.main.TestCaseExecutor.execute(TestCaseExecutor.java:369)
	at com.kms.katalon.core.main.TestCaseExecutor.execute(TestCaseExecutor.java:369)
	at com.kms.katalon.core.common.CommonExecutor.accessTestCaseMainPhase(CommonExecutor.java:65)
	at com.kms.katalon.core.main.TestSuiteExecutor.accessTestSuiteMainPhase(TestSuiteExecutor.java:151)
	at com.kms.katalon.core.main.TestSuiteExecutor.execute(TestSuiteExecutor.java:106)
	at com.kms.katalon.core.main.TestCaseMain.startTestSuite(TestCaseMain.java:185)
	at com.kms.katalon.core.main.TestCaseMain$startTestSuite$0.call(Unknown Source)
	at TempTestSuite1674805409467.run(TempTestSuite1674805409467.groovy:36)
Caused by: com.kms.katalon.core.webui.exception.WebElementNotFoundException: Web element with id: 'Object Repository/Page_WOLF/p_KTL-ACT01-2023-000004' located by '//div[@id='root']/div[3]/div/div/div[2]/div/div/div[2]/div/div[3]/div/div/p' not found
	at com.kms.katalon.core.webui.common.WebUiCommonHelper.findWebElement(WebUiCommonHelper.java:1370)
	at com.kms.katalon.core.webui.keyword.internal.WebUIAbstractKeyword.findWebElement(WebUIAbstractKeyword.groovy:27)
	at com.kms.katalon.core.webui.keyword.builtin.ClickKeyword$_click_closure1.doCall(ClickKeyword.groovy:65)
	at com.kms.katalon.core.webui.keyword.builtin.ClickKeyword$_click_closure1.call(ClickKeyword.groovy)
	at com.kms.katalon.core.webui.keyword.internal.WebUIKeywordMain.runKeyword(WebUIKeywordMain.groovy:20)
	at com.kms.katalon.core.webui.keyword.builtin.ClickKeyword.click(ClickKeyword.groovy:74)
	at com.kms.katalon.core.webui.keyword.builtin.ClickKeyword.execute(ClickKeyword.groovy:40)
	at com.kms.katalon.core.keyword.internal.KeywordExecutor.executeKeywordForPlatform(KeywordExecutor.groovy:74)
	at com.kms.katalon.core.webui.keyword.WebUiBuiltInKeywords.click(WebUiBuiltInKeywords.groovy:620)
	at com.kms.katalon.core.webui.keyword.WebUiBuiltInKeywords$click$5.call(Unknown Source)
	at Script1674729143019.run(Script1674729143019.groovy:20)
	... 16 more
)

2566-01-27 14:50:25 - [MESSAGE][INFO] - Unable to find the element located by 'By.xpath: //div[@id='root']/div[3]/div/div/div[2]/div/div/div[2]/div/div[3]/div/div/p'. Please recheck the objects properties to make sure the desired element is located. 

2566-01-27 14:50:25 - [MESSAGE][WARNING] - [SELF-HEALING] Failed to find element with id 'Object Repository/Page_WOLF/p_KTL-ACT01-2023-000004'. Try using Self-healing.

2566-01-27 14:50:25 - [MESSAGE][INFO] - [SELF-HEALING] Failed Locator: '//div[@id='root']/div[3]/div/div/div[2]/div/div/div[2]/div/div[3]/div/div/p'.

2566-01-27 14:50:25 - [MESSAGE][INFO] - [SELF-HEALING] Failed Locator: '(.//*[normalize-space(text()) and normalize-space(.)='Approve'])[1]/following::p[1]'.

2566-01-27 14:50:26 - [MESSAGE][INFO] - [SELF-HEALING] Failed Locator: '(.//*[normalize-space(text()) and normalize-space(.)='Wait for Approve'])[1]/following::p[5]'.

2566-01-27 14:50:26 - [MESSAGE][INFO] - [SELF-HEALING] Failed Locator: '(.//*[normalize-space(text()) and normalize-space(.)='Wait for Approve'])[2]/preceding::p[6]'.

2566-01-27 14:50:26 - [MESSAGE][INFO] - [SELF-HEALING] Failed Locator: '(.//*[normalize-space(text()) and normalize-space(.)='Approve'])[2]/preceding::p[10]'.

2566-01-27 14:50:27 - [MESSAGE][INFO] - [SELF-HEALING] Failed Locator: '//div[2]/div/div[3]/div/div/p'.

2566-01-27 14:50:27 - [MESSAGE][INFO] - [SELF-HEALING] Failed Locator: '//p[(text() = 'KTL-ACT01-2023-000004' or . = 'KTL-ACT01-2023-000004')]'.

2566-01-27 14:50:28 - [MESSAGE][INFO] - Unable to find the element located by 'By.xpath: //*[(text() = 'KTL-ACT01-2023-000004' or . = 'KTL-ACT01-2023-000004')]'. Please recheck the objects properties to make sure the desired element is located. 

2566-01-27 14:50:29 - [MESSAGE][INFO] - Unable to find the element located by 'By.cssSelector: p.text-form-running'. Please recheck the objects properties to make sure the desired element is located. 

2566-01-27 14:50:30 - [MESSAGE][FAILED] - Unable to click on object 'Object Repository/Page_WOLF/p_KTL-ACT01-2023-000004' (Root cause: com.kms.katalon.core.exception.StepFailedException: Unable to click on object 'Object Repository/Page_WOLF/p_KTL-ACT01-2023-000004'
	at com.kms.katalon.core.webui.keyword.internal.WebUIKeywordMain.stepFailed(WebUIKeywordMain.groovy:64)
	at com.kms.katalon.core.webui.keyword.internal.WebUIKeywordMain.runKeyword(WebUIKeywordMain.groovy:26)
	at com.kms.katalon.core.webui.keyword.builtin.ClickKeyword.click(ClickKeyword.groovy:74)
	at com.kms.katalon.core.webui.keyword.builtin.ClickKeyword.execute(ClickKeyword.groovy:40)
	at com.kms.katalon.core.keyword.internal.KeywordExecutor.executeKeywordForPlatform(KeywordExecutor.groovy:74)
	at com.kms.katalon.core.webui.keyword.WebUiBuiltInKeywords.click(WebUiBuiltInKeywords.groovy:620)
	at com.kms.katalon.core.webui.keyword.WebUiBuiltInKeywords$click$5.call(Unknown Source)
	at Action_Submit.run(Action_Submit:20)
	at com.kms.katalon.core.main.ScriptEngine.run(ScriptEngine.java:194)
	at com.kms.katalon.core.main.ScriptEngine.runScriptAsRawText(ScriptEngine.java:119)
	at com.kms.katalon.core.main.TestCaseExecutor.runScript(TestCaseExecutor.java:448)
	at com.kms.katalon.core.main.TestCaseExecutor.doExecute(TestCaseExecutor.java:439)
	at com.kms.katalon.core.main.TestCaseExecutor.processExecutionPhase(TestCaseExecutor.java:418)
	at com.kms.katalon.core.main.TestCaseExecutor.accessMainPhase(TestCaseExecutor.java:410)
	at com.kms.katalon.core.main.TestCaseExecutor.execute(TestCaseExecutor.java:285)
	at com.kms.katalon.core.main.TestCaseExecutor.execute(TestCaseExecutor.java:369)
	at com.kms.katalon.core.main.TestCaseExecutor.execute(TestCaseExecutor.java:369)
	at com.kms.katalon.core.main.TestCaseExecutor.execute(TestCaseExecutor.java:369)
	at com.kms.katalon.core.common.CommonExecutor.accessTestCaseMainPhase(CommonExecutor.java:65)
	at com.kms.katalon.core.main.TestSuiteExecutor.accessTestSuiteMainPhase(TestSuiteExecutor.java:151)
	at com.kms.katalon.core.main.TestSuiteExecutor.execute(TestSuiteExecutor.java:106)
	at com.kms.katalon.core.main.TestCaseMain.startTestSuite(TestCaseMain.java:185)
	at com.kms.katalon.core.main.TestCaseMain$startTestSuite$0.call(Unknown Source)
	at TempTestSuite1674805409467.run(TempTestSuite1674805409467.groovy:36)
Caused by: com.kms.katalon.core.webui.exception.WebElementNotFoundException: Web element with id: 'Object Repository/Page_WOLF/p_KTL-ACT01-2023-000004' located by '//div[@id='root']/div[3]/div/div/div[2]/div/div/div[2]/div/div[3]/div/div/p' not found
	at com.kms.katalon.core.webui.common.WebUiCommonHelper.findWebElement(WebUiCommonHelper.java:1370)
	at com.kms.katalon.core.webui.keyword.internal.WebUIAbstractKeyword.findWebElement(WebUIAbstractKeyword.groovy:27)
	at com.kms.katalon.core.webui.keyword.builtin.ClickKeyword$_click_closure1.doCall(ClickKeyword.groovy:65)
	at com.kms.katalon.core.webui.keyword.builtin.ClickKeyword$_click_closure1.call(ClickKeyword.groovy)
	at com.kms.katalon.core.webui.keyword.internal.WebUIKeywordMain.runKeyword(WebUIKeywordMain.groovy:20)
	at com.kms.katalon.core.webui.keyword.builtin.ClickKeyword.click(ClickKeyword.groovy:74)
	at com.kms.katalon.core.webui.keyword.builtin.ClickKeyword.execute(ClickKeyword.groovy:40)
	at com.kms.katalon.core.keyword.internal.KeywordExecutor.executeKeywordForPlatform(KeywordExecutor.groovy:74)
	at com.kms.katalon.core.webui.keyword.WebUiBuiltInKeywords.click(WebUiBuiltInKeywords.groovy:620)
	at com.kms.katalon.core.webui.keyword.WebUiBuiltInKeywords$click$5.call(Unknown Source)
	at Script1674729143019.run(Script1674729143019.groovy:20)
	... 16 more
)
[[ATTACHMENT|C:\\Users\\Nijjaree\\Documents\\GitHub\\QAR2\\QA_WolfR2\\Reports\\25660127_144329\\Test Sprint 1\\25660127_144329\\1674805829808.png]]]]></system-out>
         <system-err><![CDATA[2566-01-27 14:49:53 - [TEST_CASE][FAILED] - Test Cases/Sprint1/Action_Submit: Test Cases/Sprint1/Action_Submit FAILED.
Reason:
com.kms.katalon.core.exception.StepFailedException: Unable to click on object 'Object Repository/Page_WOLF/p_KTL-ACT01-2023-000004'
	at com.kms.katalon.core.webui.keyword.internal.WebUIKeywordMain.stepFailed(WebUIKeywordMain.groovy:64)
	at com.kms.katalon.core.webui.keyword.internal.WebUIKeywordMain.runKeyword(WebUIKeywordMain.groovy:26)
	at com.kms.katalon.core.webui.keyword.builtin.ClickKeyword.click(ClickKeyword.groovy:74)
	at com.kms.katalon.core.webui.keyword.builtin.ClickKeyword.execute(ClickKeyword.groovy:40)
	at com.kms.katalon.core.keyword.internal.KeywordExecutor.executeKeywordForPlatform(KeywordExecutor.groovy:74)
	at com.kms.katalon.core.webui.keyword.WebUiBuiltInKeywords.click(WebUiBuiltInKeywords.groovy:620)
	at com.kms.katalon.core.webui.keyword.WebUiBuiltInKeywords$click$5.call(Unknown Source)
	at Action_Submit.run(Action_Submit:20)
	at com.kms.katalon.core.main.ScriptEngine.run(ScriptEngine.java:194)
	at com.kms.katalon.core.main.ScriptEngine.runScriptAsRawText(ScriptEngine.java:119)
	at com.kms.katalon.core.main.TestCaseExecutor.runScript(TestCaseExecutor.java:448)
	at com.kms.katalon.core.main.TestCaseExecutor.doExecute(TestCaseExecutor.java:439)
	at com.kms.katalon.core.main.TestCaseExecutor.processExecutionPhase(TestCaseExecutor.java:418)
	at com.kms.katalon.core.main.TestCaseExecutor.accessMainPhase(TestCaseExecutor.java:410)
	at com.kms.katalon.core.main.TestCaseExecutor.execute(TestCaseExecutor.java:285)
	at com.kms.katalon.core.main.TestCaseExecutor.execute(TestCaseExecutor.java:369)
	at com.kms.katalon.core.main.TestCaseExecutor.execute(TestCaseExecutor.java:369)
	at com.kms.katalon.core.main.TestCaseExecutor.execute(TestCaseExecutor.java:369)
	at com.kms.katalon.core.common.CommonExecutor.accessTestCaseMainPhase(CommonExecutor.java:65)
	at com.kms.katalon.core.main.TestSuiteExecutor.accessTestSuiteMainPhase(TestSuiteExecutor.java:151)
	at com.kms.katalon.core.main.TestSuiteExecutor.execute(TestSuiteExecutor.java:106)
	at com.kms.katalon.core.main.TestCaseMain.startTestSuite(TestCaseMain.java:185)
	at com.kms.katalon.core.main.TestCaseMain$startTestSuite$0.call(Unknown Source)
	at TempTestSuite1674805409467.run(TempTestSuite1674805409467.groovy:36)
Caused by: com.kms.katalon.core.webui.exception.WebElementNotFoundException: Web element with id: 'Object Repository/Page_WOLF/p_KTL-ACT01-2023-000004' located by '//div[@id='root']/div[3]/div/div/div[2]/div/div/div[2]/div/div[3]/div/div/p' not found
	at com.kms.katalon.core.webui.common.WebUiCommonHelper.findWebElement(WebUiCommonHelper.java:1370)
	at com.kms.katalon.core.webui.keyword.internal.WebUIAbstractKeyword.findWebElement(WebUIAbstractKeyword.groovy:27)
	at com.kms.katalon.core.webui.keyword.builtin.ClickKeyword$_click_closure1.doCall(ClickKeyword.groovy:65)
	at com.kms.katalon.core.webui.keyword.builtin.ClickKeyword$_click_closure1.call(ClickKeyword.groovy)
	at com.kms.katalon.core.webui.keyword.internal.WebUIKeywordMain.runKeyword(WebUIKeywordMain.groovy:20)
	... 22 more]]></system-err>
      </testcase>
      <system-out><![CDATA[2566-01-27 14:43:44 - [TEST_SUITE][FAILED] - Test Sprint 1: Test Cases/Sprint1/Validation_Request_Page_Submit FAILED.
Reason:
com.kms.katalon.core.exception.StepFailedException: Actual object 'https://qar2.wolfapprove.com/Request?MemoID=0&template=121' and expected object 'https://qar2.wolfapprove.com/Default' are not equal
	at com.kms.katalon.core.keyword.builtin.VerifyEqualKeyword$_verifyEqual_closure1.doCall(VerifyEqualKeyword.groovy:58)
	at com.kms.katalon.core.keyword.builtin.VerifyEqualKeyword$_verifyEqual_closure1.call(VerifyEqualKeyword.groovy)
	at com.kms.katalon.core.keyword.internal.KeywordMain.runKeyword(KeywordMain.groovy:74)
	at com.kms.katalon.core.keyword.builtin.VerifyEqualKeyword.verifyEqual(VerifyEqualKeyword.groovy:63)
	at com.kms.katalon.core.keyword.builtin.VerifyEqualKeyword.execute(VerifyEqualKeyword.groovy:44)
	at com.kms.katalon.core.keyword.internal.KeywordExecutor.executeKeywordForPlatform(KeywordExecutor.groovy:74)
	at com.kms.katalon.core.keyword.BuiltinKeywords.verifyEqual(BuiltinKeywords.groovy:126)
	at Validation_Request_Page_Submit.run(Validation_Request_Page_Submit:42)
	at com.kms.katalon.core.main.ScriptEngine.run(ScriptEngine.java:194)
	at com.kms.katalon.core.main.ScriptEngine.runScriptAsRawText(ScriptEngine.java:119)
	at com.kms.katalon.core.main.TestCaseExecutor.runScript(TestCaseExecutor.java:448)
	at com.kms.katalon.core.main.TestCaseExecutor.doExecute(TestCaseExecutor.java:439)
	at com.kms.katalon.core.main.TestCaseExecutor.processExecutionPhase(TestCaseExecutor.java:418)
	at com.kms.katalon.core.main.TestCaseExecutor.accessMainPhase(TestCaseExecutor.java:410)
	at com.kms.katalon.core.main.TestCaseExecutor.execute(TestCaseExecutor.java:285)
	at com.kms.katalon.core.common.CommonExecutor.accessTestCaseMainPhase(CommonExecutor.java:65)
	at com.kms.katalon.core.main.TestSuiteExecutor.accessTestSuiteMainPhase(TestSuiteExecutor.java:151)
	at com.kms.katalon.core.main.TestSuiteExecutor.execute(TestSuiteExecutor.java:106)
	at com.kms.katalon.core.main.TestCaseMain.startTestSuite(TestCaseMain.java:185)
	at com.kms.katalon.core.main.TestCaseMain$startTestSuite$0.call(Unknown Source)
	at TempTestSuite1674805409467.run(TempTestSuite1674805409467.groovy:36)]]></system-out>
      <system-err><![CDATA[2566-01-27 14:43:44 - [TEST_SUITE][FAILED] - Test Sprint 1: Test Cases/Sprint1/Validation_Request_Page_Submit FAILED.
Reason:
com.kms.katalon.core.exception.StepFailedException: Actual object 'https://qar2.wolfapprove.com/Request?MemoID=0&template=121' and expected object 'https://qar2.wolfapprove.com/Default' are not equal
	at com.kms.katalon.core.keyword.builtin.VerifyEqualKeyword$_verifyEqual_closure1.doCall(VerifyEqualKeyword.groovy:58)
	at com.kms.katalon.core.keyword.builtin.VerifyEqualKeyword$_verifyEqual_closure1.call(VerifyEqualKeyword.groovy)
	at com.kms.katalon.core.keyword.internal.KeywordMain.runKeyword(KeywordMain.groovy:74)
	at com.kms.katalon.core.keyword.builtin.VerifyEqualKeyword.verifyEqual(VerifyEqualKeyword.groovy:63)
	at com.kms.katalon.core.keyword.builtin.VerifyEqualKeyword.execute(VerifyEqualKeyword.groovy:44)
	at com.kms.katalon.core.keyword.internal.KeywordExecutor.executeKeywordForPlatform(KeywordExecutor.groovy:74)
	at com.kms.katalon.core.keyword.BuiltinKeywords.verifyEqual(BuiltinKeywords.groovy:126)
	at Validation_Request_Page_Submit.run(Validation_Request_Page_Submit:42)
	at com.kms.katalon.core.main.ScriptEngine.run(ScriptEngine.java:194)
	at com.kms.katalon.core.main.ScriptEngine.runScriptAsRawText(ScriptEngine.java:119)
	at com.kms.katalon.core.main.TestCaseExecutor.runScript(TestCaseExecutor.java:448)
	at com.kms.katalon.core.main.TestCaseExecutor.doExecute(TestCaseExecutor.java:439)
	at com.kms.katalon.core.main.TestCaseExecutor.processExecutionPhase(TestCaseExecutor.java:418)
	at com.kms.katalon.core.main.TestCaseExecutor.accessMainPhase(TestCaseExecutor.java:410)
	at com.kms.katalon.core.main.TestCaseExecutor.execute(TestCaseExecutor.java:285)
	at com.kms.katalon.core.common.CommonExecutor.accessTestCaseMainPhase(CommonExecutor.java:65)
	at com.kms.katalon.core.main.TestSuiteExecutor.accessTestSuiteMainPhase(TestSuiteExecutor.java:151)
	at com.kms.katalon.core.main.TestSuiteExecutor.execute(TestSuiteExecutor.java:106)
	at com.kms.katalon.core.main.TestCaseMain.startTestSuite(TestCaseMain.java:185)
	at com.kms.katalon.core.main.TestCaseMain$startTestSuite$0.call(Unknown Source)
	at TempTestSuite1674805409467.run(TempTestSuite1674805409467.groovy:36)]]></system-err>
   </testsuite>
</testsuites>
