<?xml version="1.0" encoding="UTF-8"?>
<testsuites name="testsubmit" time="335.279" tests="6" failures="1" errors="0">
   <testsuite name="testsubmit" tests="6" failures="1" errors="0" time="335.279" skipped="0" timestamp="2566-01-27 18:04:12" hostname="Nijjaree - DESKTOP-OGBS4VH.techcons.biz" id="Test Suites/testsubmit">
      <properties>
         <property name="deviceName" value=""/>
         <property name="devicePlatform" value=""/>
         <property name="logFolder" value="C:\\Users\\Nijjaree\\Documents\\GitHub\\QAR2\\QA_WolfR2\\Reports\\25660127_180356\\testsubmit\\25660127_180356"/>
         <property name="logFiles" value="C:\\Users\\Nijjaree\\Documents\\GitHub\\QAR2\\QA_WolfR2\\Reports\\25660127_180356\\testsubmit\\25660127_180356\\execution0.log"/>
         <property name="attachments" value="C:\\Users\\Nijjaree\\Documents\\GitHub\\QAR2\\QA_WolfR2\\Reports\\25660127_180356\\testsubmit\\25660127_180356\\1674817757995.png, C:\\Users\\Nijjaree\\Documents\\GitHub\\QAR2\\QA_WolfR2\\Reports\\25660127_180356\\testsubmit\\25660127_180356\\1674817758252.png, C:\\Users\\Nijjaree\\Documents\\GitHub\\QAR2\\QA_WolfR2\\Reports\\25660127_180356\\testsubmit\\25660127_180356\\1674817767305.png, C:\\Users\\Nijjaree\\Documents\\GitHub\\QAR2\\QA_WolfR2\\Reports\\25660127_180356\\testsubmit\\25660127_180356\\1674817767589.png, C:\\Users\\Nijjaree\\Documents\\GitHub\\QAR2\\QA_WolfR2\\Reports\\25660127_180356\\testsubmit\\25660127_180356\\1674817776029.png, C:\\Users\\Nijjaree\\Documents\\GitHub\\QAR2\\QA_WolfR2\\Reports\\25660127_180356\\testsubmit\\25660127_180356\\1674817776490.png, C:\\Users\\Nijjaree\\Documents\\GitHub\\QAR2\\QA_WolfR2\\Reports\\25660127_180356\\testsubmit\\25660127_180356\\1674817787151.png, C:\\Users\\Nijjaree\\Documents\\GitHub\\QAR2\\QA_WolfR2\\Reports\\25660127_180356\\testsubmit\\25660127_180356\\1674817787603.png"/>
         <property name="hostName" value="Nijjaree - DESKTOP-OGBS4VH.techcons.biz"/>
         <property name="os" value="Windows 10 64bit"/>
         <property name="katalonVersion" value="8.5.5.208"/>
         <property name="browser" value="Chrome 109.0.0.0"/>
         <property name="hostAddress" value="172.16.173.45"/>
         <property name="sessionId" value="68188cbdc7b2234a088eb9b953a6cd49"/>
         <property name="seleniumVersion" value="3.141.59"/>
         <property name="proxyInformation" value="ProxyInformation { proxyOption=NO_PROXY, proxyServerType=HTTP, username=, password=********, proxyServerAddress=, proxyServerPort=0, executionList=&quot;&quot;, isApplyToDesiredCapabilities=true }"/>
         <property name="platform" value="Windows 10"/>
      </properties>
      <testcase name="Test Cases/Login Pass" time="15.75" classname="Test Cases/Login Pass" status="PASSED">
         <system-out><![CDATA[2566-01-27 18:04:13 - [TEST_CASE][PASSED] - Test Cases/Login Pass: Test Cases/Login Pass

2566-01-27 18:04:15 - [TEST_STEP][PASSED] - openBrowser(""): Browser is opened with url: ''

2566-01-27 18:04:16 - [MESSAGE][INFO] - Starting 'Chrome' driver

2566-01-27 18:04:16 - [MESSAGE][INFO] - Action delay is set to 0 milliseconds

2566-01-27 18:04:22 - [MESSAGE][PASSED] - Browser is opened with url: ''

2566-01-27 18:04:22 - [TEST_STEP][PASSED] - navigateToUrl("https://qar2.wolfapprove.com/"): Navigate to 'https://qar2.wolfapprove.com/' successfully

2566-01-27 18:04:25 - [MESSAGE][PASSED] - Navigate to 'https://qar2.wolfapprove.com/' successfully

2566-01-27 18:04:25 - [TEST_STEP][PASSED] - setText(findTestObject("Object Repository/Page_WOLF/input_Forgot Password_username"), "wolf01@qar2.com"): Text 'wolf01@qar2.com' is set on object 'Object Repository/Page_WOLF/input_Forgot Password_username'

2566-01-27 18:04:27 - [MESSAGE][PASSED] - Text 'wolf01@qar2.com' is set on object 'Object Repository/Page_WOLF/input_Forgot Password_username'

2566-01-27 18:04:27 - [TEST_STEP][PASSED] - setEncryptedText(findTestObject("Object Repository/Page_WOLF/input_Forgot Password_password"), "/eWc8J9JFEG5WeA2mg7b1w=="): Text ****** has been set on object 'Object Repository/Page_WOLF/input_Forgot Password_password'

2566-01-27 18:04:28 - [MESSAGE][PASSED] - Text ****** has been set on object 'Object Repository/Page_WOLF/input_Forgot Password_password'

2566-01-27 18:04:28 - [TEST_STEP][PASSED] - sendKeys(findTestObject("Object Repository/Page_WOLF/input_Forgot Password_password"), Keys.chord(ENTER)): Keys 'ENTER + ' sent to object: 'Object Repository/Page_WOLF/input_Forgot Password_password'

2566-01-27 18:04:29 - [MESSAGE][PASSED] - Keys 'ENTER + ' sent to object: 'Object Repository/Page_WOLF/input_Forgot Password_password']]></system-out>
         <system-err><![CDATA[]]></system-err>
      </testcase>
      <testcase name="Test Cases/Sprint1/Validation_Request_Page_Savedraft" time="72.644" classname="Test Cases/Sprint1/Validation_Request_Page_Savedraft" status="PASSED">
         <system-out><![CDATA[2566-01-27 18:04:29 - [TEST_CASE][PASSED] - Test Cases/Sprint1/Validation_Request_Page_Savedraft: Test Cases/Sprint1/Validation_Request_Page_Savedraft

2566-01-27 18:04:31 - [TEST_STEP][PASSED] - click(findTestObject("Object Repository/Page_WOLF/button_New Request")): Object: 'Object Repository/Page_WOLF/button_New Request' is clicked on

2566-01-27 18:04:32 - [MESSAGE][PASSED] - Object: 'Object Repository/Page_WOLF/button_New Request' is clicked on

2566-01-27 18:04:32 - [TEST_STEP][PASSED] - setText(findTestObject("Object Repository/Page_WOLF/input_concat(id(, , fil, , ))_fil"), "KTL-VLD01"): Text 'KTL-VLD01' is set on object 'Object Repository/Page_WOLF/input_concat(id(, , fil, , ))_fil'

2566-01-27 18:04:34 - [MESSAGE][PASSED] - Text 'KTL-VLD01' is set on object 'Object Repository/Page_WOLF/input_concat(id(, , fil, , ))_fil'

2566-01-27 18:04:34 - [TEST_STEP][PASSED] - click(findTestObject("Object Repository/Page_WOLF/p_KTL-VLD01  Validation Form")): Object: 'Object Repository/Page_WOLF/p_KTL-VLD01  Validation Form' is clicked on

2566-01-27 18:05:05 - [MESSAGE][INFO] - Unable to find the element located by 'By.xpath: (.//*[normalize-space(text()) and normalize-space(.)='Google Chrome'])[1]/following::p[4]'. Please recheck the objects properties to make sure the desired element is located. 

2566-01-27 18:05:05 - [MESSAGE][WARNING] - [SELF-HEALING] Failed to find element with id 'Object Repository/Page_WOLF/p_KTL-VLD01  Validation Form'. Try using Self-healing.

2566-01-27 18:05:06 - [MESSAGE][WARNING] - [SELF-HEALING] The current locator of test object 'Object Repository/Page_WOLF/p_KTL-VLD01  Validation Form' was broken. Propose an alternative one: '//*/text()[normalize-space(.)='KTL-VLD01 : Validation Form']/parent::*'.

2566-01-27 18:05:06 - [MESSAGE][PASSED] - Object: 'Object Repository/Page_WOLF/p_KTL-VLD01  Validation Form' is clicked on

2566-01-27 18:05:06 - [TEST_STEP][PASSED] - click(findTestObject("Object Repository/Page_WOLF/button_Save Draft")): Object: 'Object Repository/Page_WOLF/button_Save Draft' is clicked on

2566-01-27 18:05:09 - [MESSAGE][PASSED] - Object: 'Object Repository/Page_WOLF/button_Save Draft' is clicked on

2566-01-27 18:05:09 - [TEST_STEP][PASSED] - click(findTestObject("Object Repository/Page_WOLF/button_Confirm")): Object: 'Object Repository/Page_WOLF/button_Confirm' is clicked on

2566-01-27 18:05:41 - [MESSAGE][INFO] - Unable to find the element located by 'By.xpath: //div[@id='pr_id_15']/div[3]/div/div/div[2]/button'. Please recheck the objects properties to make sure the desired element is located. 

2566-01-27 18:05:41 - [MESSAGE][WARNING] - [SELF-HEALING] Failed to find element with id 'Object Repository/Page_WOLF/button_Confirm'. Try using Self-healing.

2566-01-27 18:05:41 - [MESSAGE][WARNING] - [SELF-HEALING] The current locator of test object 'Object Repository/Page_WOLF/button_Confirm' was broken. Propose an alternative one: '(.//*[normalize-space(text()) and normalize-space(.)='Cancel'])[1]/following::button[1]'.

2566-01-27 18:05:41 - [MESSAGE][PASSED] - Object: 'Object Repository/Page_WOLF/button_Confirm' is clicked on

2566-01-27 18:05:41 - [TEST_STEP][PASSED] - verifyNotEqual(getUrl(), "https://qar2.wolfapprove.com/Default", STOP_ON_FAILURE): Actual object 'https://qar2.wolfapprove.com/Request?MemoID=0&template=121' and expected object 'https://qar2.wolfapprove.com/Default' are not equal

2566-01-27 18:05:42 - [MESSAGE][PASSED] - Current window's url is: 'https://qar2.wolfapprove.com/Request?MemoID=0&template=121'

2566-01-27 18:05:42 - [MESSAGE][PASSED] - Actual object 'https://qar2.wolfapprove.com/Request?MemoID=0&template=121' and expected object 'https://qar2.wolfapprove.com/Default' are not equal

2566-01-27 18:05:42 - [TEST_STEP][PASSED] - verifyEqual(getUrl(), "https://qar2.wolfapprove.com/Request?MemoID=0&template=121"): Actual object 'https://qar2.wolfapprove.com/Request?MemoID=0&template=121' and expected object 'https://qar2.wolfapprove.com/Request?MemoID=0&template=121' are equal

2566-01-27 18:05:42 - [MESSAGE][PASSED] - Current window's url is: 'https://qar2.wolfapprove.com/Request?MemoID=0&template=121'

2566-01-27 18:05:42 - [MESSAGE][PASSED] - Actual object 'https://qar2.wolfapprove.com/Request?MemoID=0&template=121' and expected object 'https://qar2.wolfapprove.com/Request?MemoID=0&template=121' are equal]]></system-out>
         <system-err><![CDATA[]]></system-err>
      </testcase>
      <testcase name="Test Cases/Sprint1/Validation_Request_Page_Submit" time="45.025" classname="Test Cases/Sprint1/Validation_Request_Page_Submit" status="PASSED">
         <system-out><![CDATA[2566-01-27 18:05:42 - [TEST_CASE][PASSED] - Test Cases/Sprint1/Validation_Request_Page_Submit: Test Cases/Sprint1/Validation_Request_Page_Submit

2566-01-27 18:05:44 - [TEST_STEP][PASSED] - waitForPageLoad(5): Wait for page load successfully

2566-01-27 18:05:44 - [MESSAGE][PASSED] - Wait for page load successfully

2566-01-27 18:05:44 - [TEST_STEP][PASSED] - click(findTestObject("Object Repository/Page_WOLF/button_Submit")): Object: 'Object Repository/Page_WOLF/button_Submit' is clicked on

2566-01-27 18:05:45 - [MESSAGE][PASSED] - Object: 'Object Repository/Page_WOLF/button_Submit' is clicked on

2566-01-27 18:05:45 - [TEST_STEP][PASSED] - click(findTestObject("Object Repository/Page_WOLF/button_Confirm")): Object: 'Object Repository/Page_WOLF/button_Confirm' is clicked on

2566-01-27 18:05:46 - [MESSAGE][PASSED] - Object: 'Object Repository/Page_WOLF/button_Confirm' is clicked on

2566-01-27 18:05:46 - [TEST_STEP][PASSED] - verifyNotEqual(getUrl(), "https://qar2.wolfapprove.com/Default", STOP_ON_FAILURE): Actual object 'https://qar2.wolfapprove.com/Request?MemoID=0&template=121' and expected object 'https://qar2.wolfapprove.com/Default' are not equal

2566-01-27 18:05:46 - [MESSAGE][PASSED] - Current window's url is: 'https://qar2.wolfapprove.com/Request?MemoID=0&template=121'

2566-01-27 18:05:46 - [MESSAGE][PASSED] - Actual object 'https://qar2.wolfapprove.com/Request?MemoID=0&template=121' and expected object 'https://qar2.wolfapprove.com/Default' are not equal

2566-01-27 18:05:46 - [TEST_STEP][PASSED] - verifyEqual(getUrl(), "https://qar2.wolfapprove.com/Request?MemoID=0&template=121"): Actual object 'https://qar2.wolfapprove.com/Request?MemoID=0&template=121' and expected object 'https://qar2.wolfapprove.com/Request?MemoID=0&template=121' are equal

2566-01-27 18:05:46 - [MESSAGE][PASSED] - Current window's url is: 'https://qar2.wolfapprove.com/Request?MemoID=0&template=121'

2566-01-27 18:05:46 - [MESSAGE][PASSED] - Actual object 'https://qar2.wolfapprove.com/Request?MemoID=0&template=121' and expected object 'https://qar2.wolfapprove.com/Request?MemoID=0&template=121' are equal

2566-01-27 18:05:46 - [TEST_STEP][PASSED] - verifyElementVisible(findTestObject("Object Repository/Page_WOLF/small_is required")): Object 'Object Repository/Page_WOLF/small_is required' is visible

2566-01-27 18:05:47 - [MESSAGE][PASSED] - Object 'Object Repository/Page_WOLF/small_is required' is visible

2566-01-27 18:05:47 - [TEST_STEP][PASSED] - click(findTestObject("Object Repository/Page_WOLF/input")): Object: 'Object Repository/Page_WOLF/input' is clicked on

2566-01-27 18:05:50 - [MESSAGE][PASSED] - Object: 'Object Repository/Page_WOLF/input' is clicked on

2566-01-27 18:05:50 - [TEST_STEP][PASSED] - click(findTestObject("Object Repository/Page_WOLF/a_Today")): Object: 'Object Repository/Page_WOLF/a_Today' is clicked on

2566-01-27 18:05:52 - [MESSAGE][PASSED] - Object: 'Object Repository/Page_WOLF/a_Today' is clicked on

2566-01-27 18:05:52 - [TEST_STEP][PASSED] - click(findTestObject("Object Repository/Page_WOLF/input__p-inputtext p-component information-_4aaea2")): Object: 'Object Repository/Page_WOLF/input__p-inputtext p-component information-_4aaea2' is clicked on

2566-01-27 18:05:53 - [MESSAGE][PASSED] - Object: 'Object Repository/Page_WOLF/input__p-inputtext p-component information-_4aaea2' is clicked on

2566-01-27 18:05:53 - [TEST_STEP][PASSED] - click(findTestObject("Object Repository/Page_WOLF/td_TCB")): Object: 'Object Repository/Page_WOLF/td_TCB' is clicked on

2566-01-27 18:05:54 - [MESSAGE][PASSED] - Object: 'Object Repository/Page_WOLF/td_TCB' is clicked on

2566-01-27 18:05:54 - [TEST_STEP][PASSED] - click(findTestObject("Object Repository/Page_WOLF/button_Submit")): Object: 'Object Repository/Page_WOLF/button_Submit' is clicked on

2566-01-27 18:05:55 - [MESSAGE][PASSED] - Object: 'Object Repository/Page_WOLF/button_Submit' is clicked on

2566-01-27 18:05:55 - [TEST_STEP][PASSED] - click(findTestObject("Object Repository/Page_WOLF/button_Confirm")): Object: 'Object Repository/Page_WOLF/button_Confirm' is clicked on

2566-01-27 18:06:26 - [MESSAGE][INFO] - Unable to find the element located by 'By.xpath: //div[@id='pr_id_15']/div[3]/div/div/div[2]/button'. Please recheck the objects properties to make sure the desired element is located. 

2566-01-27 18:06:26 - [MESSAGE][WARNING] - [SELF-HEALING] Failed to find element with id 'Object Repository/Page_WOLF/button_Confirm'. Try using Self-healing.

2566-01-27 18:06:26 - [MESSAGE][WARNING] - [SELF-HEALING] The current locator of test object 'Object Repository/Page_WOLF/button_Confirm' was broken. Propose an alternative one: '(.//*[normalize-space(text()) and normalize-space(.)='Cancel'])[1]/following::button[1]'.

2566-01-27 18:06:27 - [MESSAGE][PASSED] - Object: 'Object Repository/Page_WOLF/button_Confirm' is clicked on]]></system-out>
         <system-err><![CDATA[]]></system-err>
      </testcase>
      <testcase name="Test Cases/Sprint1/Action_Save Draft" time="79.653" classname="Test Cases/Sprint1/Action_Save Draft" status="PASSED">
         <system-out><![CDATA[2566-01-27 18:06:27 - [TEST_CASE][PASSED] - Test Cases/Sprint1/Action_Save Draft: Test Cases/Sprint1/Action_Save Draft

2566-01-27 18:06:29 - [TEST_STEP][PASSED] - waitForPageLoad(8): Wait for page load successfully

2566-01-27 18:06:29 - [MESSAGE][PASSED] - Wait for page load successfully

2566-01-27 18:06:29 - [TEST_STEP][PASSED] - navigateToUrl("https://qar2.wolfapprove.com/Request?MemoID=0&template=123"): Navigate to 'https://qar2.wolfapprove.com/Request?MemoID=0&template=123' successfully

2566-01-27 18:06:32 - [MESSAGE][PASSED] - Navigate to 'https://qar2.wolfapprove.com/Request?MemoID=0&template=123' successfully

2566-01-27 18:06:32 - [TEST_STEP][PASSED] - click(findTestObject("Object Repository/Page_WOLF/input__p-inputtext p-component information-_4aaea2")): Object: 'Object Repository/Page_WOLF/input__p-inputtext p-component information-_4aaea2' is clicked on

2566-01-27 18:06:35 - [MESSAGE][PASSED] - Object: 'Object Repository/Page_WOLF/input__p-inputtext p-component information-_4aaea2' is clicked on

2566-01-27 18:06:35 - [TEST_STEP][PASSED] - click(findTestObject("Object Repository/Page_WOLF/div_TCB")): Object: 'Object Repository/Page_WOLF/div_TCB' is clicked on

2566-01-27 18:06:36 - [MESSAGE][PASSED] - Object: 'Object Repository/Page_WOLF/div_TCB' is clicked on

2566-01-27 18:06:36 - [TEST_STEP][PASSED] - click(findTestObject("Page_WOLF/button_Save Draft")): Object: 'Object Repository/Page_WOLF/button_Save Draft' is clicked on

2566-01-27 18:06:37 - [MESSAGE][PASSED] - Object: 'Object Repository/Page_WOLF/button_Save Draft' is clicked on

2566-01-27 18:06:37 - [TEST_STEP][PASSED] - click(findTestObject("Object Repository/Page_WOLF/button_Confirm")): Object: 'Object Repository/Page_WOLF/button_Confirm' is clicked on

2566-01-27 18:07:09 - [MESSAGE][INFO] - Unable to find the element located by 'By.xpath: //div[@id='pr_id_15']/div[3]/div/div/div[2]/button'. Please recheck the objects properties to make sure the desired element is located. 

2566-01-27 18:07:09 - [MESSAGE][WARNING] - [SELF-HEALING] Failed to find element with id 'Object Repository/Page_WOLF/button_Confirm'. Try using Self-healing.

2566-01-27 18:07:09 - [MESSAGE][WARNING] - [SELF-HEALING] The current locator of test object 'Object Repository/Page_WOLF/button_Confirm' was broken. Propose an alternative one: '(.//*[normalize-space(text()) and normalize-space(.)='Cancel'])[1]/following::button[1]'.

2566-01-27 18:07:09 - [MESSAGE][PASSED] - Object: 'Object Repository/Page_WOLF/button_Confirm' is clicked on

2566-01-27 18:07:09 - [TEST_STEP][PASSED] - click(findTestObject("Object Repository/Page_WOLF/p_KTL-ACT01-2023-000004")): Object: 'Object Repository/Page_WOLF/p_KTL-ACT01-2023-000004' is clicked on

2566-01-27 18:07:13 - [MESSAGE][PASSED] - Object: 'Object Repository/Page_WOLF/p_KTL-ACT01-2023-000004' is clicked on

2566-01-27 18:07:13 - [TEST_STEP][PASSED] - verifyElementText(findTestObject("Object Repository/Page_WOLF/span_Wait for Approve"), "Draft"): Actual text and expected text of test object 'Object Repository/Page_WOLF/span_Wait for Approve' are matched.

2566-01-27 18:07:44 - [MESSAGE][INFO] - Unable to find the element located by 'By.xpath: //div[@id='root']/div[3]/div/div/div[2]/div/div/div[2]/div/div[3]/div[2]/span'. Please recheck the objects properties to make sure the desired element is located. 

2566-01-27 18:07:44 - [MESSAGE][WARNING] - [SELF-HEALING] Failed to find element with id 'Object Repository/Page_WOLF/span_Wait for Approve'. Try using Self-healing.

2566-01-27 18:07:45 - [MESSAGE][WARNING] - [SELF-HEALING] The current locator of test object 'Object Repository/Page_WOLF/span_Wait for Approve' was broken. Propose an alternative one: '//div[@id='root']/div[3]/div/div[4]/div/div[2]/div/div/div[2]/span'.

2566-01-27 18:07:45 - [MESSAGE][PASSED] - Actual text and expected text of test object 'Object Repository/Page_WOLF/span_Wait for Approve' are matched.

2566-01-27 18:07:45 - [TEST_STEP][PASSED] - click(findTestObject("Object Repository/Page_WOLF/button_History")): Object: 'Object Repository/Page_WOLF/button_History' is clicked on

2566-01-27 18:07:46 - [MESSAGE][PASSED] - Object: 'Object Repository/Page_WOLF/button_History' is clicked on

2566-01-27 18:07:46 - [TEST_STEP][PASSED] - verifyElementText(findTestObject("Object Repository/Page_WOLF/span_Submitted"), "Draft"): Actual text and expected text of test object 'Object Repository/Page_WOLF/span_Submitted' are matched.

2566-01-27 18:07:47 - [MESSAGE][PASSED] - Actual text and expected text of test object 'Object Repository/Page_WOLF/span_Submitted' are matched.]]></system-out>
         <system-err><![CDATA[]]></system-err>
      </testcase>
      <testcase name="Test Cases/Sprint1/Action_Submit" time="81.127" classname="Test Cases/Sprint1/Action_Submit" status="PASSED">
         <system-out><![CDATA[2566-01-27 18:07:47 - [TEST_CASE][PASSED] - Test Cases/Sprint1/Action_Submit: Test Cases/Sprint1/Action_Submit

2566-01-27 18:07:48 - [TEST_STEP][PASSED] - navigateToUrl("https://qar2.wolfapprove.com/Default"): Navigate to 'https://qar2.wolfapprove.com/Default' successfully

2566-01-27 18:07:50 - [MESSAGE][PASSED] - Navigate to 'https://qar2.wolfapprove.com/Default' successfully

2566-01-27 18:07:50 - [TEST_STEP][PASSED] - waitForPageLoad(5): Wait for page load successfully

2566-01-27 18:07:50 - [MESSAGE][PASSED] - Wait for page load successfully

2566-01-27 18:07:50 - [TEST_STEP][PASSED] - click(findTestObject("Object Repository/Page_WOLF/p_KTL-ACT01-2023-000004")): Object: 'Object Repository/Page_WOLF/p_KTL-ACT01-2023-000004' is clicked on

2566-01-27 18:07:52 - [MESSAGE][PASSED] - Object: 'Object Repository/Page_WOLF/p_KTL-ACT01-2023-000004' is clicked on

2566-01-27 18:07:52 - [TEST_STEP][PASSED] - click(findTestObject("Object Repository/Page_WOLF/button_Submit")): Object: 'Object Repository/Page_WOLF/button_Submit' is clicked on

2566-01-27 18:07:58 - [MESSAGE][PASSED] - Object: 'Object Repository/Page_WOLF/button_Submit' is clicked on

2566-01-27 18:07:58 - [TEST_STEP][PASSED] - click(findTestObject("Object Repository/Page_WOLF/button_Confirm")): Object: 'Object Repository/Page_WOLF/button_Confirm' is clicked on

2566-01-27 18:08:29 - [MESSAGE][INFO] - Unable to find the element located by 'By.xpath: //div[@id='pr_id_15']/div[3]/div/div/div[2]/button'. Please recheck the objects properties to make sure the desired element is located. 

2566-01-27 18:08:29 - [MESSAGE][WARNING] - [SELF-HEALING] Failed to find element with id 'Object Repository/Page_WOLF/button_Confirm'. Try using Self-healing.

2566-01-27 18:08:30 - [MESSAGE][WARNING] - [SELF-HEALING] The current locator of test object 'Object Repository/Page_WOLF/button_Confirm' was broken. Propose an alternative one: '(.//*[normalize-space(text()) and normalize-space(.)='Cancel'])[1]/following::button[1]'.

2566-01-27 18:08:30 - [MESSAGE][PASSED] - Object: 'Object Repository/Page_WOLF/button_Confirm' is clicked on

2566-01-27 18:08:30 - [TEST_STEP][PASSED] - click(findTestObject("Object Repository/Page_WOLF/p_KTL-ACT01-2023-000004")): Object: 'Object Repository/Page_WOLF/p_KTL-ACT01-2023-000004' is clicked on

2566-01-27 18:08:34 - [MESSAGE][PASSED] - Object: 'Object Repository/Page_WOLF/p_KTL-ACT01-2023-000004' is clicked on

2566-01-27 18:08:34 - [TEST_STEP][PASSED] - verifyElementText(findTestObject("Object Repository/Page_WOLF/span_Wait for Approve"), "Wait for Approve"): Actual text and expected text of test object 'Object Repository/Page_WOLF/span_Wait for Approve' are matched.

2566-01-27 18:09:06 - [MESSAGE][INFO] - Unable to find the element located by 'By.xpath: //div[@id='root']/div[3]/div/div/div[2]/div/div/div[2]/div/div[3]/div[2]/span'. Please recheck the objects properties to make sure the desired element is located. 

2566-01-27 18:09:06 - [MESSAGE][WARNING] - [SELF-HEALING] Failed to find element with id 'Object Repository/Page_WOLF/span_Wait for Approve'. Try using Self-healing.

2566-01-27 18:09:06 - [MESSAGE][WARNING] - [SELF-HEALING] The current locator of test object 'Object Repository/Page_WOLF/span_Wait for Approve' was broken. Propose an alternative one: '//div[@id='root']/div[3]/div/div[4]/div/div[2]/div/div/div[2]/span'.

2566-01-27 18:09:06 - [MESSAGE][PASSED] - Actual text and expected text of test object 'Object Repository/Page_WOLF/span_Wait for Approve' are matched.

2566-01-27 18:09:06 - [TEST_STEP][PASSED] - click(findTestObject("Object Repository/Page_WOLF/button_History")): Object: 'Object Repository/Page_WOLF/button_History' is clicked on

2566-01-27 18:09:07 - [MESSAGE][PASSED] - Object: 'Object Repository/Page_WOLF/button_History' is clicked on

2566-01-27 18:09:07 - [TEST_STEP][PASSED] - verifyElementText(findTestObject("Object Repository/Page_WOLF/span_Submitted"), "Submitted"): Actual text and expected text of test object 'Object Repository/Page_WOLF/span_Submitted' are matched.

2566-01-27 18:09:08 - [MESSAGE][PASSED] - Actual text and expected text of test object 'Object Repository/Page_WOLF/span_Submitted' are matched.]]></system-out>
         <system-err><![CDATA[]]></system-err>
      </testcase>
      <testcase name="Test Cases/Sprint1/Action_Approve" time="10.99" classname="Test Cases/Sprint1/Action_Approve" status="FAILED">
         <failure type="FAILED" message="Test Cases/Sprint1/Action_Approve FAILED.
Reason:
com.kms.katalon.core.exception.StepFailedException: Verify element text of test object 'Object Repository/Page_WOLF/span__inputTextComponents-width' FAILED.
	at com.kms.katalon.core.webui.keyword.internal.WebUIKeywordMain.stepFailed(WebUIKeywordMain.groovy:64)
	at com.kms.katalon.core.webui.keyword.internal.WebUIKeywordMain.runKeyword(WebUIKeywordMain.groovy:26)
	at com.kms.katalon.core.webui.keyword.builtin.VerifyElementTextKeyword.verifyElementText(VerifyElementTextKeyword.groovy:72)
	at com.kms.katalon.core.webui.keyword.builtin.VerifyElementTextKeyword.execute(VerifyElementTextKeyword.groovy:40)
	at com.kms.katalon.core.keyword.internal.KeywordExecutor.executeKeywordForPlatform(KeywordExecutor.groovy:74)
	at com.kms.katalon.core.webui.keyword.WebUiBuiltInKeywords.verifyElementText(WebUiBuiltInKeywords.groovy:4749)
	at com.kms.katalon.core.webui.keyword.WebUiBuiltInKeywords$verifyElementText$8.call(Unknown Source)
	at Action_Approve.run(Action_Approve:24)
	at com.kms.katalon.core.main.ScriptEngine.run(ScriptEngine.java:194)
	at com.kms.katalon.core.main.ScriptEngine.runScriptAsRawText(ScriptEngine.java:119)
	at com.kms.katalon.core.main.TestCaseExecutor.runScript(TestCaseExecutor.java:448)
	at com.kms.katalon.core.main.TestCaseExecutor.doExecute(TestCaseExecutor.java:439)
	at com.kms.katalon.core.main.TestCaseExecutor.processExecutionPhase(TestCaseExecutor.java:418)
	at com.kms.katalon.core.main.TestCaseExecutor.accessMainPhase(TestCaseExecutor.java:410)
	at com.kms.katalon.core.main.TestCaseExecutor.execute(TestCaseExecutor.java:285)
	at com.kms.katalon.core.main.TestCaseExecutor.execute(TestCaseExecutor.java:369)
	at com.kms.katalon.core.main.TestCaseExecutor.execute(TestCaseExecutor.java:369)
	at com.kms.katalon.core.main.TestCaseExecutor.execute(TestCaseExecutor.java:369)
	at com.kms.katalon.core.common.CommonExecutor.accessTestCaseMainPhase(CommonExecutor.java:65)
	at com.kms.katalon.core.main.TestSuiteExecutor.accessTestSuiteMainPhase(TestSuiteExecutor.java:151)
	at com.kms.katalon.core.main.TestSuiteExecutor.execute(TestSuiteExecutor.java:106)
	at com.kms.katalon.core.main.TestCaseMain.startTestSuite(TestCaseMain.java:185)
	at com.kms.katalon.core.main.TestCaseMain$startTestSuite$0.call(Unknown Source)
	at TempTestSuite1674817436722.run(TempTestSuite1674817436722.groovy:36)
Caused by: com.kms.katalon.core.exception.StepFailedException: Actual text '' and expected text 'Test Validation By Katalon' of test object 'Object Repository/Page_WOLF/span__inputTextComponents-width' are NOT matched.
	at com.kms.katalon.core.webui.keyword.internal.WebUIKeywordMain.stepFailed(WebUIKeywordMain.groovy:64)
	at com.kms.katalon.core.webui.keyword.builtin.VerifyElementTextKeyword$_verifyElementText_closure1.doCall(VerifyElementTextKeyword.groovy:57)
	at com.kms.katalon.core.webui.keyword.builtin.VerifyElementTextKeyword$_verifyElementText_closure1.call(VerifyElementTextKeyword.groovy)
	at com.kms.katalon.core.webui.keyword.internal.WebUIKeywordMain.runKeyword(WebUIKeywordMain.groovy:20)
	... 22 more
"/>
         <system-out><![CDATA[2566-01-27 18:09:36 - [TEST_CASE][FAILED] - Test Cases/Sprint1/Action_Approve: Test Cases/Sprint1/Action_Approve FAILED.
Reason:
com.kms.katalon.core.exception.StepFailedException: Verify element text of test object 'Object Repository/Page_WOLF/span__inputTextComponents-width' FAILED.
	at com.kms.katalon.core.webui.keyword.internal.WebUIKeywordMain.stepFailed(WebUIKeywordMain.groovy:64)
	at com.kms.katalon.core.webui.keyword.internal.WebUIKeywordMain.runKeyword(WebUIKeywordMain.groovy:26)
	at com.kms.katalon.core.webui.keyword.builtin.VerifyElementTextKeyword.verifyElementText(VerifyElementTextKeyword.groovy:72)
	at com.kms.katalon.core.webui.keyword.builtin.VerifyElementTextKeyword.execute(VerifyElementTextKeyword.groovy:40)
	at com.kms.katalon.core.keyword.internal.KeywordExecutor.executeKeywordForPlatform(KeywordExecutor.groovy:74)
	at com.kms.katalon.core.webui.keyword.WebUiBuiltInKeywords.verifyElementText(WebUiBuiltInKeywords.groovy:4749)
	at com.kms.katalon.core.webui.keyword.WebUiBuiltInKeywords$verifyElementText$8.call(Unknown Source)
	at Action_Approve.run(Action_Approve:24)
	at com.kms.katalon.core.main.ScriptEngine.run(ScriptEngine.java:194)
	at com.kms.katalon.core.main.ScriptEngine.runScriptAsRawText(ScriptEngine.java:119)
	at com.kms.katalon.core.main.TestCaseExecutor.runScript(TestCaseExecutor.java:448)
	at com.kms.katalon.core.main.TestCaseExecutor.doExecute(TestCaseExecutor.java:439)
	at com.kms.katalon.core.main.TestCaseExecutor.processExecutionPhase(TestCaseExecutor.java:418)
	at com.kms.katalon.core.main.TestCaseExecutor.accessMainPhase(TestCaseExecutor.java:410)
	at com.kms.katalon.core.main.TestCaseExecutor.execute(TestCaseExecutor.java:285)
	at com.kms.katalon.core.main.TestCaseExecutor.execute(TestCaseExecutor.java:369)
	at com.kms.katalon.core.main.TestCaseExecutor.execute(TestCaseExecutor.java:369)
	at com.kms.katalon.core.main.TestCaseExecutor.execute(TestCaseExecutor.java:369)
	at com.kms.katalon.core.common.CommonExecutor.accessTestCaseMainPhase(CommonExecutor.java:65)
	at com.kms.katalon.core.main.TestSuiteExecutor.accessTestSuiteMainPhase(TestSuiteExecutor.java:151)
	at com.kms.katalon.core.main.TestSuiteExecutor.execute(TestSuiteExecutor.java:106)
	at com.kms.katalon.core.main.TestCaseMain.startTestSuite(TestCaseMain.java:185)
	at com.kms.katalon.core.main.TestCaseMain$startTestSuite$0.call(Unknown Source)
	at TempTestSuite1674817436722.run(TempTestSuite1674817436722.groovy:36)
Caused by: com.kms.katalon.core.exception.StepFailedException: Actual text '' and expected text 'Test Validation By Katalon' of test object 'Object Repository/Page_WOLF/span__inputTextComponents-width' are NOT matched.
	at com.kms.katalon.core.webui.keyword.internal.WebUIKeywordMain.stepFailed(WebUIKeywordMain.groovy:64)
	at com.kms.katalon.core.webui.keyword.builtin.VerifyElementTextKeyword$_verifyElementText_closure1.doCall(VerifyElementTextKeyword.groovy:57)
	at com.kms.katalon.core.webui.keyword.builtin.VerifyElementTextKeyword$_verifyElementText_closure1.call(VerifyElementTextKeyword.groovy)
	at com.kms.katalon.core.webui.keyword.internal.WebUIKeywordMain.runKeyword(WebUIKeywordMain.groovy:20)
	... 22 more


2566-01-27 18:09:37 - [TEST_STEP][PASSED] - navigateToUrl("https://qar2.wolfapprove.com/Default"): Navigate to 'https://qar2.wolfapprove.com/Default' successfully

2566-01-27 18:09:39 - [MESSAGE][PASSED] - Navigate to 'https://qar2.wolfapprove.com/Default' successfully

2566-01-27 18:09:39 - [TEST_STEP][PASSED] - click(findTestObject("Object Repository/Page_WOLF/span_Wait for Approve")): Object: 'Object Repository/Page_WOLF/span_Wait for Approve' is clicked on

2566-01-27 18:09:42 - [MESSAGE][PASSED] - Object: 'Object Repository/Page_WOLF/span_Wait for Approve' is clicked on

2566-01-27 18:09:42 - [TEST_STEP][FAILED] - verifyElementText(findTestObject("Object Repository/Page_WOLF/span__inputTextComponents-width"), "Test Validation By Katalon"): Verify element text of test object 'Object Repository/Page_WOLF/span__inputTextComponents-width' FAILED. (Root cause: com.kms.katalon.core.exception.StepFailedException: Verify element text of test object 'Object Repository/Page_WOLF/span__inputTextComponents-width' FAILED.
	at com.kms.katalon.core.webui.keyword.internal.WebUIKeywordMain.stepFailed(WebUIKeywordMain.groovy:64)
	at com.kms.katalon.core.webui.keyword.internal.WebUIKeywordMain.runKeyword(WebUIKeywordMain.groovy:26)
	at com.kms.katalon.core.webui.keyword.builtin.VerifyElementTextKeyword.verifyElementText(VerifyElementTextKeyword.groovy:72)
	at com.kms.katalon.core.webui.keyword.builtin.VerifyElementTextKeyword.execute(VerifyElementTextKeyword.groovy:40)
	at com.kms.katalon.core.keyword.internal.KeywordExecutor.executeKeywordForPlatform(KeywordExecutor.groovy:74)
	at com.kms.katalon.core.webui.keyword.WebUiBuiltInKeywords.verifyElementText(WebUiBuiltInKeywords.groovy:4749)
	at com.kms.katalon.core.webui.keyword.WebUiBuiltInKeywords$verifyElementText$8.call(Unknown Source)
	at Action_Approve.run(Action_Approve:24)
	at com.kms.katalon.core.main.ScriptEngine.run(ScriptEngine.java:194)
	at com.kms.katalon.core.main.ScriptEngine.runScriptAsRawText(ScriptEngine.java:119)
	at com.kms.katalon.core.main.TestCaseExecutor.runScript(TestCaseExecutor.java:448)
	at com.kms.katalon.core.main.TestCaseExecutor.doExecute(TestCaseExecutor.java:439)
	at com.kms.katalon.core.main.TestCaseExecutor.processExecutionPhase(TestCaseExecutor.java:418)
	at com.kms.katalon.core.main.TestCaseExecutor.accessMainPhase(TestCaseExecutor.java:410)
	at com.kms.katalon.core.main.TestCaseExecutor.execute(TestCaseExecutor.java:285)
	at com.kms.katalon.core.main.TestCaseExecutor.execute(TestCaseExecutor.java:369)
	at com.kms.katalon.core.main.TestCaseExecutor.execute(TestCaseExecutor.java:369)
	at com.kms.katalon.core.main.TestCaseExecutor.execute(TestCaseExecutor.java:369)
	at com.kms.katalon.core.common.CommonExecutor.accessTestCaseMainPhase(CommonExecutor.java:65)
	at com.kms.katalon.core.main.TestSuiteExecutor.accessTestSuiteMainPhase(TestSuiteExecutor.java:151)
	at com.kms.katalon.core.main.TestSuiteExecutor.execute(TestSuiteExecutor.java:106)
	at com.kms.katalon.core.main.TestCaseMain.startTestSuite(TestCaseMain.java:185)
	at com.kms.katalon.core.main.TestCaseMain$startTestSuite$0.call(Unknown Source)
	at TempTestSuite1674817436722.run(TempTestSuite1674817436722.groovy:36)
Caused by: com.kms.katalon.core.exception.StepFailedException: Actual text '' and expected text 'Test Validation By Katalon' of test object 'Object Repository/Page_WOLF/span__inputTextComponents-width' are NOT matched.
	at com.kms.katalon.core.webui.keyword.internal.WebUIKeywordMain.stepFailed(WebUIKeywordMain.groovy:64)
	at com.kms.katalon.core.webui.keyword.builtin.VerifyElementTextKeyword$_verifyElementText_closure1.doCall(VerifyElementTextKeyword.groovy:57)
	at com.kms.katalon.core.webui.keyword.builtin.VerifyElementTextKeyword$_verifyElementText_closure1.call(VerifyElementTextKeyword.groovy)
	at com.kms.katalon.core.webui.keyword.internal.WebUIKeywordMain.runKeyword(WebUIKeywordMain.groovy:20)
	... 22 more
)

2566-01-27 18:09:47 - [MESSAGE][FAILED] - Actual text '' and expected text 'Test Validation By Katalon' of test object 'Object Repository/Page_WOLF/span__inputTextComponents-width' are NOT matched. (Root cause: com.kms.katalon.core.exception.StepFailedException: Actual text '' and expected text 'Test Validation By Katalon' of test object 'Object Repository/Page_WOLF/span__inputTextComponents-width' are NOT matched.
	at com.kms.katalon.core.webui.keyword.internal.WebUIKeywordMain.stepFailed(WebUIKeywordMain.groovy:64)
	at com.kms.katalon.core.webui.keyword.builtin.VerifyElementTextKeyword$_verifyElementText_closure1.doCall(VerifyElementTextKeyword.groovy:57)
	at com.kms.katalon.core.webui.keyword.builtin.VerifyElementTextKeyword$_verifyElementText_closure1.call(VerifyElementTextKeyword.groovy)
	at com.kms.katalon.core.webui.keyword.internal.WebUIKeywordMain.runKeyword(WebUIKeywordMain.groovy:20)
	at com.kms.katalon.core.webui.keyword.builtin.VerifyElementTextKeyword.verifyElementText(VerifyElementTextKeyword.groovy:72)
	at com.kms.katalon.core.webui.keyword.builtin.VerifyElementTextKeyword.execute(VerifyElementTextKeyword.groovy:40)
	at com.kms.katalon.core.keyword.internal.KeywordExecutor.executeKeywordForPlatform(KeywordExecutor.groovy:74)
	at com.kms.katalon.core.webui.keyword.WebUiBuiltInKeywords.verifyElementText(WebUiBuiltInKeywords.groovy:4749)
	at com.kms.katalon.core.webui.keyword.WebUiBuiltInKeywords$verifyElementText$8.call(Unknown Source)
	at Action_Approve.run(Action_Approve:24)
	at com.kms.katalon.core.main.ScriptEngine.run(ScriptEngine.java:194)
	at com.kms.katalon.core.main.ScriptEngine.runScriptAsRawText(ScriptEngine.java:119)
	at com.kms.katalon.core.main.TestCaseExecutor.runScript(TestCaseExecutor.java:448)
	at com.kms.katalon.core.main.TestCaseExecutor.doExecute(TestCaseExecutor.java:439)
	at com.kms.katalon.core.main.TestCaseExecutor.processExecutionPhase(TestCaseExecutor.java:418)
	at com.kms.katalon.core.main.TestCaseExecutor.accessMainPhase(TestCaseExecutor.java:410)
	at com.kms.katalon.core.main.TestCaseExecutor.execute(TestCaseExecutor.java:285)
	at com.kms.katalon.core.main.TestCaseExecutor.execute(TestCaseExecutor.java:369)
	at com.kms.katalon.core.main.TestCaseExecutor.execute(TestCaseExecutor.java:369)
	at com.kms.katalon.core.main.TestCaseExecutor.execute(TestCaseExecutor.java:369)
	at com.kms.katalon.core.common.CommonExecutor.accessTestCaseMainPhase(CommonExecutor.java:65)
	at com.kms.katalon.core.main.TestSuiteExecutor.accessTestSuiteMainPhase(TestSuiteExecutor.java:151)
	at com.kms.katalon.core.main.TestSuiteExecutor.execute(TestSuiteExecutor.java:106)
	at com.kms.katalon.core.main.TestCaseMain.startTestSuite(TestCaseMain.java:185)
	at com.kms.katalon.core.main.TestCaseMain$startTestSuite$0.call(Unknown Source)
	at TempTestSuite1674817436722.run(TempTestSuite1674817436722.groovy:36)
)
[[ATTACHMENT|C:\\Users\\Nijjaree\\Documents\\GitHub\\QAR2\\QA_WolfR2\\Reports\\25660127_180356\\testsubmit\\25660127_180356\\1674817787151.png]]

2566-01-27 18:09:47 - [MESSAGE][FAILED] - Verify element text of test object 'Object Repository/Page_WOLF/span__inputTextComponents-width' FAILED. (Root cause: com.kms.katalon.core.exception.StepFailedException: Verify element text of test object 'Object Repository/Page_WOLF/span__inputTextComponents-width' FAILED.
	at com.kms.katalon.core.webui.keyword.internal.WebUIKeywordMain.stepFailed(WebUIKeywordMain.groovy:64)
	at com.kms.katalon.core.webui.keyword.internal.WebUIKeywordMain.runKeyword(WebUIKeywordMain.groovy:26)
	at com.kms.katalon.core.webui.keyword.builtin.VerifyElementTextKeyword.verifyElementText(VerifyElementTextKeyword.groovy:72)
	at com.kms.katalon.core.webui.keyword.builtin.VerifyElementTextKeyword.execute(VerifyElementTextKeyword.groovy:40)
	at com.kms.katalon.core.keyword.internal.KeywordExecutor.executeKeywordForPlatform(KeywordExecutor.groovy:74)
	at com.kms.katalon.core.webui.keyword.WebUiBuiltInKeywords.verifyElementText(WebUiBuiltInKeywords.groovy:4749)
	at com.kms.katalon.core.webui.keyword.WebUiBuiltInKeywords$verifyElementText$8.call(Unknown Source)
	at Action_Approve.run(Action_Approve:24)
	at com.kms.katalon.core.main.ScriptEngine.run(ScriptEngine.java:194)
	at com.kms.katalon.core.main.ScriptEngine.runScriptAsRawText(ScriptEngine.java:119)
	at com.kms.katalon.core.main.TestCaseExecutor.runScript(TestCaseExecutor.java:448)
	at com.kms.katalon.core.main.TestCaseExecutor.doExecute(TestCaseExecutor.java:439)
	at com.kms.katalon.core.main.TestCaseExecutor.processExecutionPhase(TestCaseExecutor.java:418)
	at com.kms.katalon.core.main.TestCaseExecutor.accessMainPhase(TestCaseExecutor.java:410)
	at com.kms.katalon.core.main.TestCaseExecutor.execute(TestCaseExecutor.java:285)
	at com.kms.katalon.core.main.TestCaseExecutor.execute(TestCaseExecutor.java:369)
	at com.kms.katalon.core.main.TestCaseExecutor.execute(TestCaseExecutor.java:369)
	at com.kms.katalon.core.main.TestCaseExecutor.execute(TestCaseExecutor.java:369)
	at com.kms.katalon.core.common.CommonExecutor.accessTestCaseMainPhase(CommonExecutor.java:65)
	at com.kms.katalon.core.main.TestSuiteExecutor.accessTestSuiteMainPhase(TestSuiteExecutor.java:151)
	at com.kms.katalon.core.main.TestSuiteExecutor.execute(TestSuiteExecutor.java:106)
	at com.kms.katalon.core.main.TestCaseMain.startTestSuite(TestCaseMain.java:185)
	at com.kms.katalon.core.main.TestCaseMain$startTestSuite$0.call(Unknown Source)
	at TempTestSuite1674817436722.run(TempTestSuite1674817436722.groovy:36)
Caused by: com.kms.katalon.core.exception.StepFailedException: Actual text '' and expected text 'Test Validation By Katalon' of test object 'Object Repository/Page_WOLF/span__inputTextComponents-width' are NOT matched.
	at com.kms.katalon.core.webui.keyword.internal.WebUIKeywordMain.stepFailed(WebUIKeywordMain.groovy:64)
	at com.kms.katalon.core.webui.keyword.builtin.VerifyElementTextKeyword$_verifyElementText_closure1.doCall(VerifyElementTextKeyword.groovy:57)
	at com.kms.katalon.core.webui.keyword.builtin.VerifyElementTextKeyword$_verifyElementText_closure1.call(VerifyElementTextKeyword.groovy)
	at com.kms.katalon.core.webui.keyword.internal.WebUIKeywordMain.runKeyword(WebUIKeywordMain.groovy:20)
	... 22 more
)
[[ATTACHMENT|C:\\Users\\Nijjaree\\Documents\\GitHub\\QAR2\\QA_WolfR2\\Reports\\25660127_180356\\testsubmit\\25660127_180356\\1674817787603.png]]]]></system-out>
         <system-err><![CDATA[2566-01-27 18:09:36 - [TEST_CASE][FAILED] - Test Cases/Sprint1/Action_Approve: Test Cases/Sprint1/Action_Approve FAILED.
Reason:
com.kms.katalon.core.exception.StepFailedException: Verify element text of test object 'Object Repository/Page_WOLF/span__inputTextComponents-width' FAILED.
	at com.kms.katalon.core.webui.keyword.internal.WebUIKeywordMain.stepFailed(WebUIKeywordMain.groovy:64)
	at com.kms.katalon.core.webui.keyword.internal.WebUIKeywordMain.runKeyword(WebUIKeywordMain.groovy:26)
	at com.kms.katalon.core.webui.keyword.builtin.VerifyElementTextKeyword.verifyElementText(VerifyElementTextKeyword.groovy:72)
	at com.kms.katalon.core.webui.keyword.builtin.VerifyElementTextKeyword.execute(VerifyElementTextKeyword.groovy:40)
	at com.kms.katalon.core.keyword.internal.KeywordExecutor.executeKeywordForPlatform(KeywordExecutor.groovy:74)
	at com.kms.katalon.core.webui.keyword.WebUiBuiltInKeywords.verifyElementText(WebUiBuiltInKeywords.groovy:4749)
	at com.kms.katalon.core.webui.keyword.WebUiBuiltInKeywords$verifyElementText$8.call(Unknown Source)
	at Action_Approve.run(Action_Approve:24)
	at com.kms.katalon.core.main.ScriptEngine.run(ScriptEngine.java:194)
	at com.kms.katalon.core.main.ScriptEngine.runScriptAsRawText(ScriptEngine.java:119)
	at com.kms.katalon.core.main.TestCaseExecutor.runScript(TestCaseExecutor.java:448)
	at com.kms.katalon.core.main.TestCaseExecutor.doExecute(TestCaseExecutor.java:439)
	at com.kms.katalon.core.main.TestCaseExecutor.processExecutionPhase(TestCaseExecutor.java:418)
	at com.kms.katalon.core.main.TestCaseExecutor.accessMainPhase(TestCaseExecutor.java:410)
	at com.kms.katalon.core.main.TestCaseExecutor.execute(TestCaseExecutor.java:285)
	at com.kms.katalon.core.main.TestCaseExecutor.execute(TestCaseExecutor.java:369)
	at com.kms.katalon.core.main.TestCaseExecutor.execute(TestCaseExecutor.java:369)
	at com.kms.katalon.core.main.TestCaseExecutor.execute(TestCaseExecutor.java:369)
	at com.kms.katalon.core.common.CommonExecutor.accessTestCaseMainPhase(CommonExecutor.java:65)
	at com.kms.katalon.core.main.TestSuiteExecutor.accessTestSuiteMainPhase(TestSuiteExecutor.java:151)
	at com.kms.katalon.core.main.TestSuiteExecutor.execute(TestSuiteExecutor.java:106)
	at com.kms.katalon.core.main.TestCaseMain.startTestSuite(TestCaseMain.java:185)
	at com.kms.katalon.core.main.TestCaseMain$startTestSuite$0.call(Unknown Source)
	at TempTestSuite1674817436722.run(TempTestSuite1674817436722.groovy:36)
Caused by: com.kms.katalon.core.exception.StepFailedException: Actual text '' and expected text 'Test Validation By Katalon' of test object 'Object Repository/Page_WOLF/span__inputTextComponents-width' are NOT matched.
	at com.kms.katalon.core.webui.keyword.internal.WebUIKeywordMain.stepFailed(WebUIKeywordMain.groovy:64)
	at com.kms.katalon.core.webui.keyword.builtin.VerifyElementTextKeyword$_verifyElementText_closure1.doCall(VerifyElementTextKeyword.groovy:57)
	at com.kms.katalon.core.webui.keyword.builtin.VerifyElementTextKeyword$_verifyElementText_closure1.call(VerifyElementTextKeyword.groovy)
	at com.kms.katalon.core.webui.keyword.internal.WebUIKeywordMain.runKeyword(WebUIKeywordMain.groovy:20)
	... 22 more]]></system-err>
      </testcase>
      <system-out><![CDATA[2566-01-27 18:04:12 - [TEST_SUITE][FAILED] - testsubmit: Test Cases/Sprint1/Action_Approve FAILED.
Reason:
com.kms.katalon.core.exception.StepFailedException: Verify element text of test object 'Object Repository/Page_WOLF/span__inputTextComponents-width' FAILED.
	at com.kms.katalon.core.webui.keyword.internal.WebUIKeywordMain.stepFailed(WebUIKeywordMain.groovy:64)
	at com.kms.katalon.core.webui.keyword.internal.WebUIKeywordMain.runKeyword(WebUIKeywordMain.groovy:26)
	at com.kms.katalon.core.webui.keyword.builtin.VerifyElementTextKeyword.verifyElementText(VerifyElementTextKeyword.groovy:72)
	at com.kms.katalon.core.webui.keyword.builtin.VerifyElementTextKeyword.execute(VerifyElementTextKeyword.groovy:40)
	at com.kms.katalon.core.keyword.internal.KeywordExecutor.executeKeywordForPlatform(KeywordExecutor.groovy:74)
	at com.kms.katalon.core.webui.keyword.WebUiBuiltInKeywords.verifyElementText(WebUiBuiltInKeywords.groovy:4749)
	at com.kms.katalon.core.webui.keyword.WebUiBuiltInKeywords$verifyElementText$8.call(Unknown Source)
	at Action_Approve.run(Action_Approve:24)
	at com.kms.katalon.core.main.ScriptEngine.run(ScriptEngine.java:194)
	at com.kms.katalon.core.main.ScriptEngine.runScriptAsRawText(ScriptEngine.java:119)
	at com.kms.katalon.core.main.TestCaseExecutor.runScript(TestCaseExecutor.java:448)
	at com.kms.katalon.core.main.TestCaseExecutor.doExecute(TestCaseExecutor.java:439)
	at com.kms.katalon.core.main.TestCaseExecutor.processExecutionPhase(TestCaseExecutor.java:418)
	at com.kms.katalon.core.main.TestCaseExecutor.accessMainPhase(TestCaseExecutor.java:410)
	at com.kms.katalon.core.main.TestCaseExecutor.execute(TestCaseExecutor.java:285)
	at com.kms.katalon.core.common.CommonExecutor.accessTestCaseMainPhase(CommonExecutor.java:65)
	at com.kms.katalon.core.main.TestSuiteExecutor.accessTestSuiteMainPhase(TestSuiteExecutor.java:151)
	at com.kms.katalon.core.main.TestSuiteExecutor.execute(TestSuiteExecutor.java:106)
	at com.kms.katalon.core.main.TestCaseMain.startTestSuite(TestCaseMain.java:185)
	at com.kms.katalon.core.main.TestCaseMain$startTestSuite$0.call(Unknown Source)
	at TempTestSuite1674817436722.run(TempTestSuite1674817436722.groovy:36)
Caused by: com.kms.katalon.core.exception.StepFailedException: Actual text '' and expected text 'Test Validation By Katalon' of test object 'Object Repository/Page_WOLF/span__inputTextComponents-width' are NOT matched.
	at com.kms.katalon.core.webui.keyword.internal.WebUIKeywordMain.stepFailed(WebUIKeywordMain.groovy:64)
	at com.kms.katalon.core.webui.keyword.builtin.VerifyElementTextKeyword$_verifyElementText_closure1.doCall(VerifyElementTextKeyword.groovy:57)
	at com.kms.katalon.core.webui.keyword.builtin.VerifyElementTextKeyword$_verifyElementText_closure1.call(VerifyElementTextKeyword.groovy)
	at com.kms.katalon.core.webui.keyword.internal.WebUIKeywordMain.runKeyword(WebUIKeywordMain.groovy:20)
	... 19 more]]></system-out>
      <system-err><![CDATA[2566-01-27 18:04:12 - [TEST_SUITE][FAILED] - testsubmit: Test Cases/Sprint1/Action_Approve FAILED.
Reason:
com.kms.katalon.core.exception.StepFailedException: Verify element text of test object 'Object Repository/Page_WOLF/span__inputTextComponents-width' FAILED.
	at com.kms.katalon.core.webui.keyword.internal.WebUIKeywordMain.stepFailed(WebUIKeywordMain.groovy:64)
	at com.kms.katalon.core.webui.keyword.internal.WebUIKeywordMain.runKeyword(WebUIKeywordMain.groovy:26)
	at com.kms.katalon.core.webui.keyword.builtin.VerifyElementTextKeyword.verifyElementText(VerifyElementTextKeyword.groovy:72)
	at com.kms.katalon.core.webui.keyword.builtin.VerifyElementTextKeyword.execute(VerifyElementTextKeyword.groovy:40)
	at com.kms.katalon.core.keyword.internal.KeywordExecutor.executeKeywordForPlatform(KeywordExecutor.groovy:74)
	at com.kms.katalon.core.webui.keyword.WebUiBuiltInKeywords.verifyElementText(WebUiBuiltInKeywords.groovy:4749)
	at com.kms.katalon.core.webui.keyword.WebUiBuiltInKeywords$verifyElementText$8.call(Unknown Source)
	at Action_Approve.run(Action_Approve:24)
	at com.kms.katalon.core.main.ScriptEngine.run(ScriptEngine.java:194)
	at com.kms.katalon.core.main.ScriptEngine.runScriptAsRawText(ScriptEngine.java:119)
	at com.kms.katalon.core.main.TestCaseExecutor.runScript(TestCaseExecutor.java:448)
	at com.kms.katalon.core.main.TestCaseExecutor.doExecute(TestCaseExecutor.java:439)
	at com.kms.katalon.core.main.TestCaseExecutor.processExecutionPhase(TestCaseExecutor.java:418)
	at com.kms.katalon.core.main.TestCaseExecutor.accessMainPhase(TestCaseExecutor.java:410)
	at com.kms.katalon.core.main.TestCaseExecutor.execute(TestCaseExecutor.java:285)
	at com.kms.katalon.core.common.CommonExecutor.accessTestCaseMainPhase(CommonExecutor.java:65)
	at com.kms.katalon.core.main.TestSuiteExecutor.accessTestSuiteMainPhase(TestSuiteExecutor.java:151)
	at com.kms.katalon.core.main.TestSuiteExecutor.execute(TestSuiteExecutor.java:106)
	at com.kms.katalon.core.main.TestCaseMain.startTestSuite(TestCaseMain.java:185)
	at com.kms.katalon.core.main.TestCaseMain$startTestSuite$0.call(Unknown Source)
	at TempTestSuite1674817436722.run(TempTestSuite1674817436722.groovy:36)
Caused by: com.kms.katalon.core.exception.StepFailedException: Actual text '' and expected text 'Test Validation By Katalon' of test object 'Object Repository/Page_WOLF/span__inputTextComponents-width' are NOT matched.
	at com.kms.katalon.core.webui.keyword.internal.WebUIKeywordMain.stepFailed(WebUIKeywordMain.groovy:64)
	at com.kms.katalon.core.webui.keyword.builtin.VerifyElementTextKeyword$_verifyElementText_closure1.doCall(VerifyElementTextKeyword.groovy:57)
	at com.kms.katalon.core.webui.keyword.builtin.VerifyElementTextKeyword$_verifyElementText_closure1.call(VerifyElementTextKeyword.groovy)
	at com.kms.katalon.core.webui.keyword.internal.WebUIKeywordMain.runKeyword(WebUIKeywordMain.groovy:20)
	... 19 more]]></system-err>
   </testsuite>
</testsuites>
